<?xml version="1.0" encoding="UTF-8"?>
<testsuites name="jest tests" tests="162" failures="162" errors="0" time="34.391">
  <testsuite name="VerificationDashboard" errors="0" failures="4" skipped="0" timestamp="2025-10-08T22:36:54" time="7.918" tests="4">
    <testcase classname="VerificationDashboard" name="renders loading spinner initially" time="0.005">
      <failure>ReferenceError: document is not defined
    at render (/Users/machine/Project/GitHub/Namaskah. app/frontend/node_modules/@testing-library/react/dist/pure.js:239:5)
    at Object.&lt;anonymous&gt; (/Users/machine/Project/GitHub/Namaskah. app/frontend/src/components/pages/VerificationDashboard.test.js:11:11)
    at Promise.then.completed (/Users/machine/Project/GitHub/Namaskah. app/frontend/node_modules/jest-circus/build/utils.js:298:28)
    at new Promise (&lt;anonymous&gt;)
    at callAsyncCircusFn (/Users/machine/Project/GitHub/Namaskah. app/frontend/node_modules/jest-circus/build/utils.js:231:10)
    at _callCircusTest (/Users/machine/Project/GitHub/Namaskah. app/frontend/node_modules/jest-circus/build/run.js:316:40)
    at processTicksAndRejections (node:internal/process/task_queues:105:5)
    at _runTest (/Users/machine/Project/GitHub/Namaskah. app/frontend/node_modules/jest-circus/build/run.js:252:3)
    at _runTestsForDescribeBlock (/Users/machine/Project/GitHub/Namaskah. app/frontend/node_modules/jest-circus/build/run.js:126:9)
    at _runTestsForDescribeBlock (/Users/machine/Project/GitHub/Namaskah. app/frontend/node_modules/jest-circus/build/run.js:121:9)
    at run (/Users/machine/Project/GitHub/Namaskah. app/frontend/node_modules/jest-circus/build/run.js:71:3)
    at runAndTransformResultsToJestFormat (/Users/machine/Project/GitHub/Namaskah. app/frontend/node_modules/jest-circus/build/legacy-code-todo-rewrite/jestAdapterInit.js:122:21)
    at jestAdapter (/Users/machine/Project/GitHub/Namaskah. app/frontend/node_modules/jest-circus/build/legacy-code-todo-rewrite/jestAdapter.js:79:19)
    at runTestInternal (/Users/machine/Project/GitHub/Namaskah. app/frontend/node_modules/jest-runner/build/runTest.js:367:16)
    at runTest (/Users/machine/Project/GitHub/Namaskah. app/frontend/node_modules/jest-runner/build/runTest.js:444:34)
    at Object.worker (/Users/machine/Project/GitHub/Namaskah. app/frontend/node_modules/jest-runner/build/testWorker.js:106:12)</failure>
    </testcase>
    <testcase classname="VerificationDashboard" name="renders verification records after fetch" time="0.001">
      <failure>ReferenceError: document is not defined
    at render (/Users/machine/Project/GitHub/Namaskah. app/frontend/node_modules/@testing-library/react/dist/pure.js:239:5)
    at /Users/machine/Project/GitHub/Namaskah. app/frontend/src/components/pages/VerificationDashboard.test.js:22:11
    at Generator.call (/Users/machine/Project/GitHub/Namaskah. app/frontend/src/components/pages/VerificationDashboard.test.js:2:1)
    at Generator._invoke [as next] (/Users/machine/Project/GitHub/Namaskah. app/frontend/src/components/pages/VerificationDashboard.test.js:2:1)
    at asyncGeneratorStep (/Users/machine/Project/GitHub/Namaskah. app/frontend/src/components/pages/VerificationDashboard.test.js:2:1)
    at asyncGeneratorStep (/Users/machine/Project/GitHub/Namaskah. app/frontend/src/components/pages/VerificationDashboard.test.js:2:1)
    at _next (/Users/machine/Project/GitHub/Namaskah. app/frontend/src/components/pages/VerificationDashboard.test.js:2:1)
    at new Promise (&lt;anonymous&gt;)
    at Object.&lt;anonymous&gt; (/Users/machine/Project/GitHub/Namaskah. app/frontend/src/components/pages/VerificationDashboard.test.js:2:1)
    at Promise.then.completed (/Users/machine/Project/GitHub/Namaskah. app/frontend/node_modules/jest-circus/build/utils.js:298:28)
    at new Promise (&lt;anonymous&gt;)
    at callAsyncCircusFn (/Users/machine/Project/GitHub/Namaskah. app/frontend/node_modules/jest-circus/build/utils.js:231:10)
    at _callCircusTest (/Users/machine/Project/GitHub/Namaskah. app/frontend/node_modules/jest-circus/build/run.js:316:40)
    at processTicksAndRejections (node:internal/process/task_queues:105:5)
    at _runTest (/Users/machine/Project/GitHub/Namaskah. app/frontend/node_modules/jest-circus/build/run.js:252:3)
    at _runTestsForDescribeBlock (/Users/machine/Project/GitHub/Namaskah. app/frontend/node_modules/jest-circus/build/run.js:126:9)
    at _runTestsForDescribeBlock (/Users/machine/Project/GitHub/Namaskah. app/frontend/node_modules/jest-circus/build/run.js:121:9)
    at run (/Users/machine/Project/GitHub/Namaskah. app/frontend/node_modules/jest-circus/build/run.js:71:3)
    at runAndTransformResultsToJestFormat (/Users/machine/Project/GitHub/Namaskah. app/frontend/node_modules/jest-circus/build/legacy-code-todo-rewrite/jestAdapterInit.js:122:21)
    at jestAdapter (/Users/machine/Project/GitHub/Namaskah. app/frontend/node_modules/jest-circus/build/legacy-code-todo-rewrite/jestAdapter.js:79:19)
    at runTestInternal (/Users/machine/Project/GitHub/Namaskah. app/frontend/node_modules/jest-runner/build/runTest.js:367:16)
    at runTest (/Users/machine/Project/GitHub/Namaskah. app/frontend/node_modules/jest-runner/build/runTest.js:444:34)
    at Object.worker (/Users/machine/Project/GitHub/Namaskah. app/frontend/node_modules/jest-runner/build/testWorker.js:106:12)</failure>
    </testcase>
    <testcase classname="VerificationDashboard" name="renders error message on fetch failure" time="0.001">
      <failure>ReferenceError: document is not defined
    at render (/Users/machine/Project/GitHub/Namaskah. app/frontend/node_modules/@testing-library/react/dist/pure.js:239:5)
    at /Users/machine/Project/GitHub/Namaskah. app/frontend/src/components/pages/VerificationDashboard.test.js:36:11
    at Generator.call (/Users/machine/Project/GitHub/Namaskah. app/frontend/src/components/pages/VerificationDashboard.test.js:2:1)
    at Generator._invoke [as next] (/Users/machine/Project/GitHub/Namaskah. app/frontend/src/components/pages/VerificationDashboard.test.js:2:1)
    at asyncGeneratorStep (/Users/machine/Project/GitHub/Namaskah. app/frontend/src/components/pages/VerificationDashboard.test.js:2:1)
    at asyncGeneratorStep (/Users/machine/Project/GitHub/Namaskah. app/frontend/src/components/pages/VerificationDashboard.test.js:2:1)
    at _next (/Users/machine/Project/GitHub/Namaskah. app/frontend/src/components/pages/VerificationDashboard.test.js:2:1)
    at new Promise (&lt;anonymous&gt;)
    at Object.&lt;anonymous&gt; (/Users/machine/Project/GitHub/Namaskah. app/frontend/src/components/pages/VerificationDashboard.test.js:2:1)
    at Promise.then.completed (/Users/machine/Project/GitHub/Namaskah. app/frontend/node_modules/jest-circus/build/utils.js:298:28)
    at new Promise (&lt;anonymous&gt;)
    at callAsyncCircusFn (/Users/machine/Project/GitHub/Namaskah. app/frontend/node_modules/jest-circus/build/utils.js:231:10)
    at _callCircusTest (/Users/machine/Project/GitHub/Namaskah. app/frontend/node_modules/jest-circus/build/run.js:316:40)
    at processTicksAndRejections (node:internal/process/task_queues:105:5)
    at _runTest (/Users/machine/Project/GitHub/Namaskah. app/frontend/node_modules/jest-circus/build/run.js:252:3)
    at _runTestsForDescribeBlock (/Users/machine/Project/GitHub/Namaskah. app/frontend/node_modules/jest-circus/build/run.js:126:9)
    at _runTestsForDescribeBlock (/Users/machine/Project/GitHub/Namaskah. app/frontend/node_modules/jest-circus/build/run.js:121:9)
    at run (/Users/machine/Project/GitHub/Namaskah. app/frontend/node_modules/jest-circus/build/run.js:71:3)
    at runAndTransformResultsToJestFormat (/Users/machine/Project/GitHub/Namaskah. app/frontend/node_modules/jest-circus/build/legacy-code-todo-rewrite/jestAdapterInit.js:122:21)
    at jestAdapter (/Users/machine/Project/GitHub/Namaskah. app/frontend/node_modules/jest-circus/build/legacy-code-todo-rewrite/jestAdapter.js:79:19)
    at runTestInternal (/Users/machine/Project/GitHub/Namaskah. app/frontend/node_modules/jest-runner/build/runTest.js:367:16)
    at runTest (/Users/machine/Project/GitHub/Namaskah. app/frontend/node_modules/jest-runner/build/runTest.js:444:34)
    at Object.worker (/Users/machine/Project/GitHub/Namaskah. app/frontend/node_modules/jest-runner/build/testWorker.js:106:12)</failure>
    </testcase>
    <testcase classname="VerificationDashboard" name="renders no records message when empty" time="0.001">
      <failure>ReferenceError: document is not defined
    at render (/Users/machine/Project/GitHub/Namaskah. app/frontend/node_modules/@testing-library/react/dist/pure.js:239:5)
    at /Users/machine/Project/GitHub/Namaskah. app/frontend/src/components/pages/VerificationDashboard.test.js:47:11
    at Generator.call (/Users/machine/Project/GitHub/Namaskah. app/frontend/src/components/pages/VerificationDashboard.test.js:2:1)
    at Generator._invoke [as next] (/Users/machine/Project/GitHub/Namaskah. app/frontend/src/components/pages/VerificationDashboard.test.js:2:1)
    at asyncGeneratorStep (/Users/machine/Project/GitHub/Namaskah. app/frontend/src/components/pages/VerificationDashboard.test.js:2:1)
    at asyncGeneratorStep (/Users/machine/Project/GitHub/Namaskah. app/frontend/src/components/pages/VerificationDashboard.test.js:2:1)
    at _next (/Users/machine/Project/GitHub/Namaskah. app/frontend/src/components/pages/VerificationDashboard.test.js:2:1)
    at new Promise (&lt;anonymous&gt;)
    at Object.&lt;anonymous&gt; (/Users/machine/Project/GitHub/Namaskah. app/frontend/src/components/pages/VerificationDashboard.test.js:2:1)
    at Promise.then.completed (/Users/machine/Project/GitHub/Namaskah. app/frontend/node_modules/jest-circus/build/utils.js:298:28)
    at new Promise (&lt;anonymous&gt;)
    at callAsyncCircusFn (/Users/machine/Project/GitHub/Namaskah. app/frontend/node_modules/jest-circus/build/utils.js:231:10)
    at _callCircusTest (/Users/machine/Project/GitHub/Namaskah. app/frontend/node_modules/jest-circus/build/run.js:316:40)
    at processTicksAndRejections (node:internal/process/task_queues:105:5)
    at _runTest (/Users/machine/Project/GitHub/Namaskah. app/frontend/node_modules/jest-circus/build/run.js:252:3)
    at _runTestsForDescribeBlock (/Users/machine/Project/GitHub/Namaskah. app/frontend/node_modules/jest-circus/build/run.js:126:9)
    at _runTestsForDescribeBlock (/Users/machine/Project/GitHub/Namaskah. app/frontend/node_modules/jest-circus/build/run.js:121:9)
    at run (/Users/machine/Project/GitHub/Namaskah. app/frontend/node_modules/jest-circus/build/run.js:71:3)
    at runAndTransformResultsToJestFormat (/Users/machine/Project/GitHub/Namaskah. app/frontend/node_modules/jest-circus/build/legacy-code-todo-rewrite/jestAdapterInit.js:122:21)
    at jestAdapter (/Users/machine/Project/GitHub/Namaskah. app/frontend/node_modules/jest-circus/build/legacy-code-todo-rewrite/jestAdapter.js:79:19)
    at runTestInternal (/Users/machine/Project/GitHub/Namaskah. app/frontend/node_modules/jest-runner/build/runTest.js:367:16)
    at runTest (/Users/machine/Project/GitHub/Namaskah. app/frontend/node_modules/jest-runner/build/runTest.js:444:34)
    at Object.worker (/Users/machine/Project/GitHub/Namaskah. app/frontend/node_modules/jest-runner/build/testWorker.js:106:12)</failure>
    </testcase>
  </testsuite>
  <testsuite name="VerificationAnalytics" errors="0" failures="3" skipped="0" timestamp="2025-10-08T22:36:54" time="9.477" tests="3">
    <testcase classname="VerificationAnalytics" name="renders loading spinner initially" time="0.01">
      <failure>ReferenceError: document is not defined
    at render (/Users/machine/Project/GitHub/Namaskah. app/frontend/node_modules/@testing-library/react/dist/pure.js:239:5)
    at Object.&lt;anonymous&gt; (/Users/machine/Project/GitHub/Namaskah. app/frontend/src/components/pages/VerificationAnalytics.test.js:11:11)
    at Promise.then.completed (/Users/machine/Project/GitHub/Namaskah. app/frontend/node_modules/jest-circus/build/utils.js:298:28)
    at new Promise (&lt;anonymous&gt;)
    at callAsyncCircusFn (/Users/machine/Project/GitHub/Namaskah. app/frontend/node_modules/jest-circus/build/utils.js:231:10)
    at _callCircusTest (/Users/machine/Project/GitHub/Namaskah. app/frontend/node_modules/jest-circus/build/run.js:316:40)
    at processTicksAndRejections (node:internal/process/task_queues:105:5)
    at _runTest (/Users/machine/Project/GitHub/Namaskah. app/frontend/node_modules/jest-circus/build/run.js:252:3)
    at _runTestsForDescribeBlock (/Users/machine/Project/GitHub/Namaskah. app/frontend/node_modules/jest-circus/build/run.js:126:9)
    at _runTestsForDescribeBlock (/Users/machine/Project/GitHub/Namaskah. app/frontend/node_modules/jest-circus/build/run.js:121:9)
    at run (/Users/machine/Project/GitHub/Namaskah. app/frontend/node_modules/jest-circus/build/run.js:71:3)
    at runAndTransformResultsToJestFormat (/Users/machine/Project/GitHub/Namaskah. app/frontend/node_modules/jest-circus/build/legacy-code-todo-rewrite/jestAdapterInit.js:122:21)
    at jestAdapter (/Users/machine/Project/GitHub/Namaskah. app/frontend/node_modules/jest-circus/build/legacy-code-todo-rewrite/jestAdapter.js:79:19)
    at runTestInternal (/Users/machine/Project/GitHub/Namaskah. app/frontend/node_modules/jest-runner/build/runTest.js:367:16)
    at runTest (/Users/machine/Project/GitHub/Namaskah. app/frontend/node_modules/jest-runner/build/runTest.js:444:34)
    at Object.worker (/Users/machine/Project/GitHub/Namaskah. app/frontend/node_modules/jest-runner/build/testWorker.js:106:12)</failure>
    </testcase>
    <testcase classname="VerificationAnalytics" name="renders bar chart after data fetch" time="0.004">
      <failure>ReferenceError: document is not defined
    at render (/Users/machine/Project/GitHub/Namaskah. app/frontend/node_modules/@testing-library/react/dist/pure.js:239:5)
    at /Users/machine/Project/GitHub/Namaskah. app/frontend/src/components/pages/VerificationAnalytics.test.js:22:11
    at Generator.call (/Users/machine/Project/GitHub/Namaskah. app/frontend/src/components/pages/VerificationAnalytics.test.js:2:1)
    at Generator._invoke [as next] (/Users/machine/Project/GitHub/Namaskah. app/frontend/src/components/pages/VerificationAnalytics.test.js:2:1)
    at asyncGeneratorStep (/Users/machine/Project/GitHub/Namaskah. app/frontend/src/components/pages/VerificationAnalytics.test.js:2:1)
    at asyncGeneratorStep (/Users/machine/Project/GitHub/Namaskah. app/frontend/src/components/pages/VerificationAnalytics.test.js:2:1)
    at _next (/Users/machine/Project/GitHub/Namaskah. app/frontend/src/components/pages/VerificationAnalytics.test.js:2:1)
    at new Promise (&lt;anonymous&gt;)
    at Object.&lt;anonymous&gt; (/Users/machine/Project/GitHub/Namaskah. app/frontend/src/components/pages/VerificationAnalytics.test.js:2:1)
    at Promise.then.completed (/Users/machine/Project/GitHub/Namaskah. app/frontend/node_modules/jest-circus/build/utils.js:298:28)
    at new Promise (&lt;anonymous&gt;)
    at callAsyncCircusFn (/Users/machine/Project/GitHub/Namaskah. app/frontend/node_modules/jest-circus/build/utils.js:231:10)
    at _callCircusTest (/Users/machine/Project/GitHub/Namaskah. app/frontend/node_modules/jest-circus/build/run.js:316:40)
    at processTicksAndRejections (node:internal/process/task_queues:105:5)
    at _runTest (/Users/machine/Project/GitHub/Namaskah. app/frontend/node_modules/jest-circus/build/run.js:252:3)
    at _runTestsForDescribeBlock (/Users/machine/Project/GitHub/Namaskah. app/frontend/node_modules/jest-circus/build/run.js:126:9)
    at _runTestsForDescribeBlock (/Users/machine/Project/GitHub/Namaskah. app/frontend/node_modules/jest-circus/build/run.js:121:9)
    at run (/Users/machine/Project/GitHub/Namaskah. app/frontend/node_modules/jest-circus/build/run.js:71:3)
    at runAndTransformResultsToJestFormat (/Users/machine/Project/GitHub/Namaskah. app/frontend/node_modules/jest-circus/build/legacy-code-todo-rewrite/jestAdapterInit.js:122:21)
    at jestAdapter (/Users/machine/Project/GitHub/Namaskah. app/frontend/node_modules/jest-circus/build/legacy-code-todo-rewrite/jestAdapter.js:79:19)
    at runTestInternal (/Users/machine/Project/GitHub/Namaskah. app/frontend/node_modules/jest-runner/build/runTest.js:367:16)
    at runTest (/Users/machine/Project/GitHub/Namaskah. app/frontend/node_modules/jest-runner/build/runTest.js:444:34)
    at Object.worker (/Users/machine/Project/GitHub/Namaskah. app/frontend/node_modules/jest-runner/build/testWorker.js:106:12)</failure>
    </testcase>
    <testcase classname="VerificationAnalytics" name="renders error message on fetch failure" time="0.001">
      <failure>ReferenceError: document is not defined
    at render (/Users/machine/Project/GitHub/Namaskah. app/frontend/node_modules/@testing-library/react/dist/pure.js:239:5)
    at /Users/machine/Project/GitHub/Namaskah. app/frontend/src/components/pages/VerificationAnalytics.test.js:34:11
    at Generator.call (/Users/machine/Project/GitHub/Namaskah. app/frontend/src/components/pages/VerificationAnalytics.test.js:2:1)
    at Generator._invoke [as next] (/Users/machine/Project/GitHub/Namaskah. app/frontend/src/components/pages/VerificationAnalytics.test.js:2:1)
    at asyncGeneratorStep (/Users/machine/Project/GitHub/Namaskah. app/frontend/src/components/pages/VerificationAnalytics.test.js:2:1)
    at asyncGeneratorStep (/Users/machine/Project/GitHub/Namaskah. app/frontend/src/components/pages/VerificationAnalytics.test.js:2:1)
    at _next (/Users/machine/Project/GitHub/Namaskah. app/frontend/src/components/pages/VerificationAnalytics.test.js:2:1)
    at new Promise (&lt;anonymous&gt;)
    at Object.&lt;anonymous&gt; (/Users/machine/Project/GitHub/Namaskah. app/frontend/src/components/pages/VerificationAnalytics.test.js:2:1)
    at Promise.then.completed (/Users/machine/Project/GitHub/Namaskah. app/frontend/node_modules/jest-circus/build/utils.js:298:28)
    at new Promise (&lt;anonymous&gt;)
    at callAsyncCircusFn (/Users/machine/Project/GitHub/Namaskah. app/frontend/node_modules/jest-circus/build/utils.js:231:10)
    at _callCircusTest (/Users/machine/Project/GitHub/Namaskah. app/frontend/node_modules/jest-circus/build/run.js:316:40)
    at processTicksAndRejections (node:internal/process/task_queues:105:5)
    at _runTest (/Users/machine/Project/GitHub/Namaskah. app/frontend/node_modules/jest-circus/build/run.js:252:3)
    at _runTestsForDescribeBlock (/Users/machine/Project/GitHub/Namaskah. app/frontend/node_modules/jest-circus/build/run.js:126:9)
    at _runTestsForDescribeBlock (/Users/machine/Project/GitHub/Namaskah. app/frontend/node_modules/jest-circus/build/run.js:121:9)
    at run (/Users/machine/Project/GitHub/Namaskah. app/frontend/node_modules/jest-circus/build/run.js:71:3)
    at runAndTransformResultsToJestFormat (/Users/machine/Project/GitHub/Namaskah. app/frontend/node_modules/jest-circus/build/legacy-code-todo-rewrite/jestAdapterInit.js:122:21)
    at jestAdapter (/Users/machine/Project/GitHub/Namaskah. app/frontend/node_modules/jest-circus/build/legacy-code-todo-rewrite/jestAdapter.js:79:19)
    at runTestInternal (/Users/machine/Project/GitHub/Namaskah. app/frontend/node_modules/jest-runner/build/runTest.js:367:16)
    at runTest (/Users/machine/Project/GitHub/Namaskah. app/frontend/node_modules/jest-runner/build/runTest.js:444:34)
    at Object.worker (/Users/machine/Project/GitHub/Namaskah. app/frontend/node_modules/jest-runner/build/testWorker.js:106:12)</failure>
    </testcase>
  </testsuite>
  <testsuite name="DashboardPage Integration Tests" errors="0" failures="9" skipped="0" timestamp="2025-10-08T22:37:06" time="4.975" tests="9">
    <testcase classname="DashboardPage Integration Tests" name="renders dashboard with loading state initially" time="0.034">
      <failure>ReferenceError: document is not defined
    at render (/Users/machine/Project/GitHub/Namaskah. app/frontend/node_modules/@testing-library/react/dist/pure.js:239:5)
    at Object.&lt;anonymous&gt; (/Users/machine/Project/GitHub/Namaskah. app/frontend/src/components/pages/DashboardPage.test.js:98:11)
    at Promise.then.completed (/Users/machine/Project/GitHub/Namaskah. app/frontend/node_modules/jest-circus/build/utils.js:298:28)
    at new Promise (&lt;anonymous&gt;)
    at callAsyncCircusFn (/Users/machine/Project/GitHub/Namaskah. app/frontend/node_modules/jest-circus/build/utils.js:231:10)
    at _callCircusTest (/Users/machine/Project/GitHub/Namaskah. app/frontend/node_modules/jest-circus/build/run.js:316:40)
    at processTicksAndRejections (node:internal/process/task_queues:105:5)
    at _runTest (/Users/machine/Project/GitHub/Namaskah. app/frontend/node_modules/jest-circus/build/run.js:252:3)
    at _runTestsForDescribeBlock (/Users/machine/Project/GitHub/Namaskah. app/frontend/node_modules/jest-circus/build/run.js:126:9)
    at _runTestsForDescribeBlock (/Users/machine/Project/GitHub/Namaskah. app/frontend/node_modules/jest-circus/build/run.js:121:9)
    at run (/Users/machine/Project/GitHub/Namaskah. app/frontend/node_modules/jest-circus/build/run.js:71:3)
    at runAndTransformResultsToJestFormat (/Users/machine/Project/GitHub/Namaskah. app/frontend/node_modules/jest-circus/build/legacy-code-todo-rewrite/jestAdapterInit.js:122:21)
    at jestAdapter (/Users/machine/Project/GitHub/Namaskah. app/frontend/node_modules/jest-circus/build/legacy-code-todo-rewrite/jestAdapter.js:79:19)
    at runTestInternal (/Users/machine/Project/GitHub/Namaskah. app/frontend/node_modules/jest-runner/build/runTest.js:367:16)
    at runTest (/Users/machine/Project/GitHub/Namaskah. app/frontend/node_modules/jest-runner/build/runTest.js:444:34)
    at Object.worker (/Users/machine/Project/GitHub/Namaskah. app/frontend/node_modules/jest-runner/build/testWorker.js:106:12)</failure>
      <failure>TypeError: Cannot read properties of undefined (reading &apos;navigator&apos;)
    at resetClipboardStubOnView (/Users/machine/Project/GitHub/Namaskah. app/frontend/node_modules/@testing-library/user-event/dist/cjs/utils/dataTransfer/Clipboard.js:117:32)
    at Object.&lt;anonymous&gt; (/Users/machine/Project/GitHub/Namaskah. app/frontend/node_modules/@testing-library/user-event/dist/cjs/utils/dataTransfer/Clipboard.js:158:21)
    at Promise.then.completed (/Users/machine/Project/GitHub/Namaskah. app/frontend/node_modules/jest-circus/build/utils.js:298:28)
    at new Promise (&lt;anonymous&gt;)
    at callAsyncCircusFn (/Users/machine/Project/GitHub/Namaskah. app/frontend/node_modules/jest-circus/build/utils.js:231:10)
    at _callCircusHook (/Users/machine/Project/GitHub/Namaskah. app/frontend/node_modules/jest-circus/build/run.js:281:40)
    at processTicksAndRejections (node:internal/process/task_queues:105:5)
    at _runTest (/Users/machine/Project/GitHub/Namaskah. app/frontend/node_modules/jest-circus/build/run.js:254:5)
    at _runTestsForDescribeBlock (/Users/machine/Project/GitHub/Namaskah. app/frontend/node_modules/jest-circus/build/run.js:126:9)
    at _runTestsForDescribeBlock (/Users/machine/Project/GitHub/Namaskah. app/frontend/node_modules/jest-circus/build/run.js:121:9)
    at run (/Users/machine/Project/GitHub/Namaskah. app/frontend/node_modules/jest-circus/build/run.js:71:3)
    at runAndTransformResultsToJestFormat (/Users/machine/Project/GitHub/Namaskah. app/frontend/node_modules/jest-circus/build/legacy-code-todo-rewrite/jestAdapterInit.js:122:21)
    at jestAdapter (/Users/machine/Project/GitHub/Namaskah. app/frontend/node_modules/jest-circus/build/legacy-code-todo-rewrite/jestAdapter.js:79:19)
    at runTestInternal (/Users/machine/Project/GitHub/Namaskah. app/frontend/node_modules/jest-runner/build/runTest.js:367:16)
    at runTest (/Users/machine/Project/GitHub/Namaskah. app/frontend/node_modules/jest-runner/build/runTest.js:444:34)
    at Object.worker (/Users/machine/Project/GitHub/Namaskah. app/frontend/node_modules/jest-runner/build/testWorker.js:106:12)</failure>
    </testcase>
    <testcase classname="DashboardPage Integration Tests" name="renders dashboard with stats after loading" time="0.002">
      <failure>ReferenceError: document is not defined
    at render (/Users/machine/Project/GitHub/Namaskah. app/frontend/node_modules/@testing-library/react/dist/pure.js:239:5)
    at /Users/machine/Project/GitHub/Namaskah. app/frontend/src/components/pages/DashboardPage.test.js:105:11
    at Generator.call (/Users/machine/Project/GitHub/Namaskah. app/frontend/src/components/pages/DashboardPage.test.js:2:1)
    at Generator._invoke [as next] (/Users/machine/Project/GitHub/Namaskah. app/frontend/src/components/pages/DashboardPage.test.js:2:1)
    at asyncGeneratorStep (/Users/machine/Project/GitHub/Namaskah. app/frontend/src/components/pages/DashboardPage.test.js:2:1)
    at asyncGeneratorStep (/Users/machine/Project/GitHub/Namaskah. app/frontend/src/components/pages/DashboardPage.test.js:2:1)
    at _next (/Users/machine/Project/GitHub/Namaskah. app/frontend/src/components/pages/DashboardPage.test.js:2:1)
    at new Promise (&lt;anonymous&gt;)
    at Object.&lt;anonymous&gt; (/Users/machine/Project/GitHub/Namaskah. app/frontend/src/components/pages/DashboardPage.test.js:2:1)
    at Promise.then.completed (/Users/machine/Project/GitHub/Namaskah. app/frontend/node_modules/jest-circus/build/utils.js:298:28)
    at new Promise (&lt;anonymous&gt;)
    at callAsyncCircusFn (/Users/machine/Project/GitHub/Namaskah. app/frontend/node_modules/jest-circus/build/utils.js:231:10)
    at _callCircusTest (/Users/machine/Project/GitHub/Namaskah. app/frontend/node_modules/jest-circus/build/run.js:316:40)
    at processTicksAndRejections (node:internal/process/task_queues:105:5)
    at _runTest (/Users/machine/Project/GitHub/Namaskah. app/frontend/node_modules/jest-circus/build/run.js:252:3)
    at _runTestsForDescribeBlock (/Users/machine/Project/GitHub/Namaskah. app/frontend/node_modules/jest-circus/build/run.js:126:9)
    at _runTestsForDescribeBlock (/Users/machine/Project/GitHub/Namaskah. app/frontend/node_modules/jest-circus/build/run.js:121:9)
    at run (/Users/machine/Project/GitHub/Namaskah. app/frontend/node_modules/jest-circus/build/run.js:71:3)
    at runAndTransformResultsToJestFormat (/Users/machine/Project/GitHub/Namaskah. app/frontend/node_modules/jest-circus/build/legacy-code-todo-rewrite/jestAdapterInit.js:122:21)
    at jestAdapter (/Users/machine/Project/GitHub/Namaskah. app/frontend/node_modules/jest-circus/build/legacy-code-todo-rewrite/jestAdapter.js:79:19)
    at runTestInternal (/Users/machine/Project/GitHub/Namaskah. app/frontend/node_modules/jest-runner/build/runTest.js:367:16)
    at runTest (/Users/machine/Project/GitHub/Namaskah. app/frontend/node_modules/jest-runner/build/runTest.js:444:34)
    at Object.worker (/Users/machine/Project/GitHub/Namaskah. app/frontend/node_modules/jest-runner/build/testWorker.js:106:12)</failure>
      <failure>TypeError: Cannot read properties of undefined (reading &apos;navigator&apos;)
    at resetClipboardStubOnView (/Users/machine/Project/GitHub/Namaskah. app/frontend/node_modules/@testing-library/user-event/dist/cjs/utils/dataTransfer/Clipboard.js:117:32)
    at Object.&lt;anonymous&gt; (/Users/machine/Project/GitHub/Namaskah. app/frontend/node_modules/@testing-library/user-event/dist/cjs/utils/dataTransfer/Clipboard.js:158:21)
    at Promise.then.completed (/Users/machine/Project/GitHub/Namaskah. app/frontend/node_modules/jest-circus/build/utils.js:298:28)
    at new Promise (&lt;anonymous&gt;)
    at callAsyncCircusFn (/Users/machine/Project/GitHub/Namaskah. app/frontend/node_modules/jest-circus/build/utils.js:231:10)
    at _callCircusHook (/Users/machine/Project/GitHub/Namaskah. app/frontend/node_modules/jest-circus/build/run.js:281:40)
    at processTicksAndRejections (node:internal/process/task_queues:105:5)
    at _runTest (/Users/machine/Project/GitHub/Namaskah. app/frontend/node_modules/jest-circus/build/run.js:254:5)
    at _runTestsForDescribeBlock (/Users/machine/Project/GitHub/Namaskah. app/frontend/node_modules/jest-circus/build/run.js:126:9)
    at _runTestsForDescribeBlock (/Users/machine/Project/GitHub/Namaskah. app/frontend/node_modules/jest-circus/build/run.js:121:9)
    at run (/Users/machine/Project/GitHub/Namaskah. app/frontend/node_modules/jest-circus/build/run.js:71:3)
    at runAndTransformResultsToJestFormat (/Users/machine/Project/GitHub/Namaskah. app/frontend/node_modules/jest-circus/build/legacy-code-todo-rewrite/jestAdapterInit.js:122:21)
    at jestAdapter (/Users/machine/Project/GitHub/Namaskah. app/frontend/node_modules/jest-circus/build/legacy-code-todo-rewrite/jestAdapter.js:79:19)
    at runTestInternal (/Users/machine/Project/GitHub/Namaskah. app/frontend/node_modules/jest-runner/build/runTest.js:367:16)
    at runTest (/Users/machine/Project/GitHub/Namaskah. app/frontend/node_modules/jest-runner/build/runTest.js:444:34)
    at Object.worker (/Users/machine/Project/GitHub/Namaskah. app/frontend/node_modules/jest-runner/build/testWorker.js:106:12)</failure>
    </testcase>
    <testcase classname="DashboardPage Integration Tests" name="renders activity widget with recent activities" time="0.001">
      <failure>ReferenceError: document is not defined
    at render (/Users/machine/Project/GitHub/Namaskah. app/frontend/node_modules/@testing-library/react/dist/pure.js:239:5)
    at /Users/machine/Project/GitHub/Namaskah. app/frontend/src/components/pages/DashboardPage.test.js:125:11
    at Generator.call (/Users/machine/Project/GitHub/Namaskah. app/frontend/src/components/pages/DashboardPage.test.js:2:1)
    at Generator._invoke [as next] (/Users/machine/Project/GitHub/Namaskah. app/frontend/src/components/pages/DashboardPage.test.js:2:1)
    at asyncGeneratorStep (/Users/machine/Project/GitHub/Namaskah. app/frontend/src/components/pages/DashboardPage.test.js:2:1)
    at asyncGeneratorStep (/Users/machine/Project/GitHub/Namaskah. app/frontend/src/components/pages/DashboardPage.test.js:2:1)
    at _next (/Users/machine/Project/GitHub/Namaskah. app/frontend/src/components/pages/DashboardPage.test.js:2:1)
    at new Promise (&lt;anonymous&gt;)
    at Object.&lt;anonymous&gt; (/Users/machine/Project/GitHub/Namaskah. app/frontend/src/components/pages/DashboardPage.test.js:2:1)
    at Promise.then.completed (/Users/machine/Project/GitHub/Namaskah. app/frontend/node_modules/jest-circus/build/utils.js:298:28)
    at new Promise (&lt;anonymous&gt;)
    at callAsyncCircusFn (/Users/machine/Project/GitHub/Namaskah. app/frontend/node_modules/jest-circus/build/utils.js:231:10)
    at _callCircusTest (/Users/machine/Project/GitHub/Namaskah. app/frontend/node_modules/jest-circus/build/run.js:316:40)
    at processTicksAndRejections (node:internal/process/task_queues:105:5)
    at _runTest (/Users/machine/Project/GitHub/Namaskah. app/frontend/node_modules/jest-circus/build/run.js:252:3)
    at _runTestsForDescribeBlock (/Users/machine/Project/GitHub/Namaskah. app/frontend/node_modules/jest-circus/build/run.js:126:9)
    at _runTestsForDescribeBlock (/Users/machine/Project/GitHub/Namaskah. app/frontend/node_modules/jest-circus/build/run.js:121:9)
    at run (/Users/machine/Project/GitHub/Namaskah. app/frontend/node_modules/jest-circus/build/run.js:71:3)
    at runAndTransformResultsToJestFormat (/Users/machine/Project/GitHub/Namaskah. app/frontend/node_modules/jest-circus/build/legacy-code-todo-rewrite/jestAdapterInit.js:122:21)
    at jestAdapter (/Users/machine/Project/GitHub/Namaskah. app/frontend/node_modules/jest-circus/build/legacy-code-todo-rewrite/jestAdapter.js:79:19)
    at runTestInternal (/Users/machine/Project/GitHub/Namaskah. app/frontend/node_modules/jest-runner/build/runTest.js:367:16)
    at runTest (/Users/machine/Project/GitHub/Namaskah. app/frontend/node_modules/jest-runner/build/runTest.js:444:34)
    at Object.worker (/Users/machine/Project/GitHub/Namaskah. app/frontend/node_modules/jest-runner/build/testWorker.js:106:12)</failure>
      <failure>TypeError: Cannot read properties of undefined (reading &apos;navigator&apos;)
    at resetClipboardStubOnView (/Users/machine/Project/GitHub/Namaskah. app/frontend/node_modules/@testing-library/user-event/dist/cjs/utils/dataTransfer/Clipboard.js:117:32)
    at Object.&lt;anonymous&gt; (/Users/machine/Project/GitHub/Namaskah. app/frontend/node_modules/@testing-library/user-event/dist/cjs/utils/dataTransfer/Clipboard.js:158:21)
    at Promise.then.completed (/Users/machine/Project/GitHub/Namaskah. app/frontend/node_modules/jest-circus/build/utils.js:298:28)
    at new Promise (&lt;anonymous&gt;)
    at callAsyncCircusFn (/Users/machine/Project/GitHub/Namaskah. app/frontend/node_modules/jest-circus/build/utils.js:231:10)
    at _callCircusHook (/Users/machine/Project/GitHub/Namaskah. app/frontend/node_modules/jest-circus/build/run.js:281:40)
    at processTicksAndRejections (node:internal/process/task_queues:105:5)
    at _runTest (/Users/machine/Project/GitHub/Namaskah. app/frontend/node_modules/jest-circus/build/run.js:254:5)
    at _runTestsForDescribeBlock (/Users/machine/Project/GitHub/Namaskah. app/frontend/node_modules/jest-circus/build/run.js:126:9)
    at _runTestsForDescribeBlock (/Users/machine/Project/GitHub/Namaskah. app/frontend/node_modules/jest-circus/build/run.js:121:9)
    at run (/Users/machine/Project/GitHub/Namaskah. app/frontend/node_modules/jest-circus/build/run.js:71:3)
    at runAndTransformResultsToJestFormat (/Users/machine/Project/GitHub/Namaskah. app/frontend/node_modules/jest-circus/build/legacy-code-todo-rewrite/jestAdapterInit.js:122:21)
    at jestAdapter (/Users/machine/Project/GitHub/Namaskah. app/frontend/node_modules/jest-circus/build/legacy-code-todo-rewrite/jestAdapter.js:79:19)
    at runTestInternal (/Users/machine/Project/GitHub/Namaskah. app/frontend/node_modules/jest-runner/build/runTest.js:367:16)
    at runTest (/Users/machine/Project/GitHub/Namaskah. app/frontend/node_modules/jest-runner/build/runTest.js:444:34)
    at Object.worker (/Users/machine/Project/GitHub/Namaskah. app/frontend/node_modules/jest-runner/build/testWorker.js:106:12)</failure>
    </testcase>
    <testcase classname="DashboardPage Integration Tests" name="renders quick actions widget" time="0">
      <failure>ReferenceError: document is not defined
    at render (/Users/machine/Project/GitHub/Namaskah. app/frontend/node_modules/@testing-library/react/dist/pure.js:239:5)
    at /Users/machine/Project/GitHub/Namaskah. app/frontend/src/components/pages/DashboardPage.test.js:140:11
    at Generator.call (/Users/machine/Project/GitHub/Namaskah. app/frontend/src/components/pages/DashboardPage.test.js:2:1)
    at Generator._invoke [as next] (/Users/machine/Project/GitHub/Namaskah. app/frontend/src/components/pages/DashboardPage.test.js:2:1)
    at asyncGeneratorStep (/Users/machine/Project/GitHub/Namaskah. app/frontend/src/components/pages/DashboardPage.test.js:2:1)
    at asyncGeneratorStep (/Users/machine/Project/GitHub/Namaskah. app/frontend/src/components/pages/DashboardPage.test.js:2:1)
    at _next (/Users/machine/Project/GitHub/Namaskah. app/frontend/src/components/pages/DashboardPage.test.js:2:1)
    at new Promise (&lt;anonymous&gt;)
    at Object.&lt;anonymous&gt; (/Users/machine/Project/GitHub/Namaskah. app/frontend/src/components/pages/DashboardPage.test.js:2:1)
    at Promise.then.completed (/Users/machine/Project/GitHub/Namaskah. app/frontend/node_modules/jest-circus/build/utils.js:298:28)
    at new Promise (&lt;anonymous&gt;)
    at callAsyncCircusFn (/Users/machine/Project/GitHub/Namaskah. app/frontend/node_modules/jest-circus/build/utils.js:231:10)
    at _callCircusTest (/Users/machine/Project/GitHub/Namaskah. app/frontend/node_modules/jest-circus/build/run.js:316:40)
    at processTicksAndRejections (node:internal/process/task_queues:105:5)
    at _runTest (/Users/machine/Project/GitHub/Namaskah. app/frontend/node_modules/jest-circus/build/run.js:252:3)
    at _runTestsForDescribeBlock (/Users/machine/Project/GitHub/Namaskah. app/frontend/node_modules/jest-circus/build/run.js:126:9)
    at _runTestsForDescribeBlock (/Users/machine/Project/GitHub/Namaskah. app/frontend/node_modules/jest-circus/build/run.js:121:9)
    at run (/Users/machine/Project/GitHub/Namaskah. app/frontend/node_modules/jest-circus/build/run.js:71:3)
    at runAndTransformResultsToJestFormat (/Users/machine/Project/GitHub/Namaskah. app/frontend/node_modules/jest-circus/build/legacy-code-todo-rewrite/jestAdapterInit.js:122:21)
    at jestAdapter (/Users/machine/Project/GitHub/Namaskah. app/frontend/node_modules/jest-circus/build/legacy-code-todo-rewrite/jestAdapter.js:79:19)
    at runTestInternal (/Users/machine/Project/GitHub/Namaskah. app/frontend/node_modules/jest-runner/build/runTest.js:367:16)
    at runTest (/Users/machine/Project/GitHub/Namaskah. app/frontend/node_modules/jest-runner/build/runTest.js:444:34)
    at Object.worker (/Users/machine/Project/GitHub/Namaskah. app/frontend/node_modules/jest-runner/build/testWorker.js:106:12)</failure>
      <failure>TypeError: Cannot read properties of undefined (reading &apos;navigator&apos;)
    at resetClipboardStubOnView (/Users/machine/Project/GitHub/Namaskah. app/frontend/node_modules/@testing-library/user-event/dist/cjs/utils/dataTransfer/Clipboard.js:117:32)
    at Object.&lt;anonymous&gt; (/Users/machine/Project/GitHub/Namaskah. app/frontend/node_modules/@testing-library/user-event/dist/cjs/utils/dataTransfer/Clipboard.js:158:21)
    at Promise.then.completed (/Users/machine/Project/GitHub/Namaskah. app/frontend/node_modules/jest-circus/build/utils.js:298:28)
    at new Promise (&lt;anonymous&gt;)
    at callAsyncCircusFn (/Users/machine/Project/GitHub/Namaskah. app/frontend/node_modules/jest-circus/build/utils.js:231:10)
    at _callCircusHook (/Users/machine/Project/GitHub/Namaskah. app/frontend/node_modules/jest-circus/build/run.js:281:40)
    at processTicksAndRejections (node:internal/process/task_queues:105:5)
    at _runTest (/Users/machine/Project/GitHub/Namaskah. app/frontend/node_modules/jest-circus/build/run.js:254:5)
    at _runTestsForDescribeBlock (/Users/machine/Project/GitHub/Namaskah. app/frontend/node_modules/jest-circus/build/run.js:126:9)
    at _runTestsForDescribeBlock (/Users/machine/Project/GitHub/Namaskah. app/frontend/node_modules/jest-circus/build/run.js:121:9)
    at run (/Users/machine/Project/GitHub/Namaskah. app/frontend/node_modules/jest-circus/build/run.js:71:3)
    at runAndTransformResultsToJestFormat (/Users/machine/Project/GitHub/Namaskah. app/frontend/node_modules/jest-circus/build/legacy-code-todo-rewrite/jestAdapterInit.js:122:21)
    at jestAdapter (/Users/machine/Project/GitHub/Namaskah. app/frontend/node_modules/jest-circus/build/legacy-code-todo-rewrite/jestAdapter.js:79:19)
    at runTestInternal (/Users/machine/Project/GitHub/Namaskah. app/frontend/node_modules/jest-runner/build/runTest.js:367:16)
    at runTest (/Users/machine/Project/GitHub/Namaskah. app/frontend/node_modules/jest-runner/build/runTest.js:444:34)
    at Object.worker (/Users/machine/Project/GitHub/Namaskah. app/frontend/node_modules/jest-runner/build/testWorker.js:106:12)</failure>
    </testcase>
    <testcase classname="DashboardPage Integration Tests" name="renders recent messages table" time="0.001">
      <failure>ReferenceError: document is not defined
    at render (/Users/machine/Project/GitHub/Namaskah. app/frontend/node_modules/@testing-library/react/dist/pure.js:239:5)
    at /Users/machine/Project/GitHub/Namaskah. app/frontend/src/components/pages/DashboardPage.test.js:155:11
    at Generator.call (/Users/machine/Project/GitHub/Namaskah. app/frontend/src/components/pages/DashboardPage.test.js:2:1)
    at Generator._invoke [as next] (/Users/machine/Project/GitHub/Namaskah. app/frontend/src/components/pages/DashboardPage.test.js:2:1)
    at asyncGeneratorStep (/Users/machine/Project/GitHub/Namaskah. app/frontend/src/components/pages/DashboardPage.test.js:2:1)
    at asyncGeneratorStep (/Users/machine/Project/GitHub/Namaskah. app/frontend/src/components/pages/DashboardPage.test.js:2:1)
    at _next (/Users/machine/Project/GitHub/Namaskah. app/frontend/src/components/pages/DashboardPage.test.js:2:1)
    at new Promise (&lt;anonymous&gt;)
    at Object.&lt;anonymous&gt; (/Users/machine/Project/GitHub/Namaskah. app/frontend/src/components/pages/DashboardPage.test.js:2:1)
    at Promise.then.completed (/Users/machine/Project/GitHub/Namaskah. app/frontend/node_modules/jest-circus/build/utils.js:298:28)
    at new Promise (&lt;anonymous&gt;)
    at callAsyncCircusFn (/Users/machine/Project/GitHub/Namaskah. app/frontend/node_modules/jest-circus/build/utils.js:231:10)
    at _callCircusTest (/Users/machine/Project/GitHub/Namaskah. app/frontend/node_modules/jest-circus/build/run.js:316:40)
    at processTicksAndRejections (node:internal/process/task_queues:105:5)
    at _runTest (/Users/machine/Project/GitHub/Namaskah. app/frontend/node_modules/jest-circus/build/run.js:252:3)
    at _runTestsForDescribeBlock (/Users/machine/Project/GitHub/Namaskah. app/frontend/node_modules/jest-circus/build/run.js:126:9)
    at _runTestsForDescribeBlock (/Users/machine/Project/GitHub/Namaskah. app/frontend/node_modules/jest-circus/build/run.js:121:9)
    at run (/Users/machine/Project/GitHub/Namaskah. app/frontend/node_modules/jest-circus/build/run.js:71:3)
    at runAndTransformResultsToJestFormat (/Users/machine/Project/GitHub/Namaskah. app/frontend/node_modules/jest-circus/build/legacy-code-todo-rewrite/jestAdapterInit.js:122:21)
    at jestAdapter (/Users/machine/Project/GitHub/Namaskah. app/frontend/node_modules/jest-circus/build/legacy-code-todo-rewrite/jestAdapter.js:79:19)
    at runTestInternal (/Users/machine/Project/GitHub/Namaskah. app/frontend/node_modules/jest-runner/build/runTest.js:367:16)
    at runTest (/Users/machine/Project/GitHub/Namaskah. app/frontend/node_modules/jest-runner/build/runTest.js:444:34)
    at Object.worker (/Users/machine/Project/GitHub/Namaskah. app/frontend/node_modules/jest-runner/build/testWorker.js:106:12)</failure>
      <failure>TypeError: Cannot read properties of undefined (reading &apos;navigator&apos;)
    at resetClipboardStubOnView (/Users/machine/Project/GitHub/Namaskah. app/frontend/node_modules/@testing-library/user-event/dist/cjs/utils/dataTransfer/Clipboard.js:117:32)
    at Object.&lt;anonymous&gt; (/Users/machine/Project/GitHub/Namaskah. app/frontend/node_modules/@testing-library/user-event/dist/cjs/utils/dataTransfer/Clipboard.js:158:21)
    at Promise.then.completed (/Users/machine/Project/GitHub/Namaskah. app/frontend/node_modules/jest-circus/build/utils.js:298:28)
    at new Promise (&lt;anonymous&gt;)
    at callAsyncCircusFn (/Users/machine/Project/GitHub/Namaskah. app/frontend/node_modules/jest-circus/build/utils.js:231:10)
    at _callCircusHook (/Users/machine/Project/GitHub/Namaskah. app/frontend/node_modules/jest-circus/build/run.js:281:40)
    at processTicksAndRejections (node:internal/process/task_queues:105:5)
    at _runTest (/Users/machine/Project/GitHub/Namaskah. app/frontend/node_modules/jest-circus/build/run.js:254:5)
    at _runTestsForDescribeBlock (/Users/machine/Project/GitHub/Namaskah. app/frontend/node_modules/jest-circus/build/run.js:126:9)
    at _runTestsForDescribeBlock (/Users/machine/Project/GitHub/Namaskah. app/frontend/node_modules/jest-circus/build/run.js:121:9)
    at run (/Users/machine/Project/GitHub/Namaskah. app/frontend/node_modules/jest-circus/build/run.js:71:3)
    at runAndTransformResultsToJestFormat (/Users/machine/Project/GitHub/Namaskah. app/frontend/node_modules/jest-circus/build/legacy-code-todo-rewrite/jestAdapterInit.js:122:21)
    at jestAdapter (/Users/machine/Project/GitHub/Namaskah. app/frontend/node_modules/jest-circus/build/legacy-code-todo-rewrite/jestAdapter.js:79:19)
    at runTestInternal (/Users/machine/Project/GitHub/Namaskah. app/frontend/node_modules/jest-runner/build/runTest.js:367:16)
    at runTest (/Users/machine/Project/GitHub/Namaskah. app/frontend/node_modules/jest-runner/build/runTest.js:444:34)
    at Object.worker (/Users/machine/Project/GitHub/Namaskah. app/frontend/node_modules/jest-runner/build/testWorker.js:106:12)</failure>
    </testcase>
    <testcase classname="DashboardPage Integration Tests" name="renders page header with title and description" time="0">
      <failure>ReferenceError: document is not defined
    at render (/Users/machine/Project/GitHub/Namaskah. app/frontend/node_modules/@testing-library/react/dist/pure.js:239:5)
    at /Users/machine/Project/GitHub/Namaskah. app/frontend/src/components/pages/DashboardPage.test.js:173:11
    at Generator.call (/Users/machine/Project/GitHub/Namaskah. app/frontend/src/components/pages/DashboardPage.test.js:2:1)
    at Generator._invoke [as next] (/Users/machine/Project/GitHub/Namaskah. app/frontend/src/components/pages/DashboardPage.test.js:2:1)
    at asyncGeneratorStep (/Users/machine/Project/GitHub/Namaskah. app/frontend/src/components/pages/DashboardPage.test.js:2:1)
    at asyncGeneratorStep (/Users/machine/Project/GitHub/Namaskah. app/frontend/src/components/pages/DashboardPage.test.js:2:1)
    at _next (/Users/machine/Project/GitHub/Namaskah. app/frontend/src/components/pages/DashboardPage.test.js:2:1)
    at new Promise (&lt;anonymous&gt;)
    at Object.&lt;anonymous&gt; (/Users/machine/Project/GitHub/Namaskah. app/frontend/src/components/pages/DashboardPage.test.js:2:1)
    at Promise.then.completed (/Users/machine/Project/GitHub/Namaskah. app/frontend/node_modules/jest-circus/build/utils.js:298:28)
    at new Promise (&lt;anonymous&gt;)
    at callAsyncCircusFn (/Users/machine/Project/GitHub/Namaskah. app/frontend/node_modules/jest-circus/build/utils.js:231:10)
    at _callCircusTest (/Users/machine/Project/GitHub/Namaskah. app/frontend/node_modules/jest-circus/build/run.js:316:40)
    at processTicksAndRejections (node:internal/process/task_queues:105:5)
    at _runTest (/Users/machine/Project/GitHub/Namaskah. app/frontend/node_modules/jest-circus/build/run.js:252:3)
    at _runTestsForDescribeBlock (/Users/machine/Project/GitHub/Namaskah. app/frontend/node_modules/jest-circus/build/run.js:126:9)
    at _runTestsForDescribeBlock (/Users/machine/Project/GitHub/Namaskah. app/frontend/node_modules/jest-circus/build/run.js:121:9)
    at run (/Users/machine/Project/GitHub/Namaskah. app/frontend/node_modules/jest-circus/build/run.js:71:3)
    at runAndTransformResultsToJestFormat (/Users/machine/Project/GitHub/Namaskah. app/frontend/node_modules/jest-circus/build/legacy-code-todo-rewrite/jestAdapterInit.js:122:21)
    at jestAdapter (/Users/machine/Project/GitHub/Namaskah. app/frontend/node_modules/jest-circus/build/legacy-code-todo-rewrite/jestAdapter.js:79:19)
    at runTestInternal (/Users/machine/Project/GitHub/Namaskah. app/frontend/node_modules/jest-runner/build/runTest.js:367:16)
    at runTest (/Users/machine/Project/GitHub/Namaskah. app/frontend/node_modules/jest-runner/build/runTest.js:444:34)
    at Object.worker (/Users/machine/Project/GitHub/Namaskah. app/frontend/node_modules/jest-runner/build/testWorker.js:106:12)</failure>
      <failure>TypeError: Cannot read properties of undefined (reading &apos;navigator&apos;)
    at resetClipboardStubOnView (/Users/machine/Project/GitHub/Namaskah. app/frontend/node_modules/@testing-library/user-event/dist/cjs/utils/dataTransfer/Clipboard.js:117:32)
    at Object.&lt;anonymous&gt; (/Users/machine/Project/GitHub/Namaskah. app/frontend/node_modules/@testing-library/user-event/dist/cjs/utils/dataTransfer/Clipboard.js:158:21)
    at Promise.then.completed (/Users/machine/Project/GitHub/Namaskah. app/frontend/node_modules/jest-circus/build/utils.js:298:28)
    at new Promise (&lt;anonymous&gt;)
    at callAsyncCircusFn (/Users/machine/Project/GitHub/Namaskah. app/frontend/node_modules/jest-circus/build/utils.js:231:10)
    at _callCircusHook (/Users/machine/Project/GitHub/Namaskah. app/frontend/node_modules/jest-circus/build/run.js:281:40)
    at processTicksAndRejections (node:internal/process/task_queues:105:5)
    at _runTest (/Users/machine/Project/GitHub/Namaskah. app/frontend/node_modules/jest-circus/build/run.js:254:5)
    at _runTestsForDescribeBlock (/Users/machine/Project/GitHub/Namaskah. app/frontend/node_modules/jest-circus/build/run.js:126:9)
    at _runTestsForDescribeBlock (/Users/machine/Project/GitHub/Namaskah. app/frontend/node_modules/jest-circus/build/run.js:121:9)
    at run (/Users/machine/Project/GitHub/Namaskah. app/frontend/node_modules/jest-circus/build/run.js:71:3)
    at runAndTransformResultsToJestFormat (/Users/machine/Project/GitHub/Namaskah. app/frontend/node_modules/jest-circus/build/legacy-code-todo-rewrite/jestAdapterInit.js:122:21)
    at jestAdapter (/Users/machine/Project/GitHub/Namaskah. app/frontend/node_modules/jest-circus/build/legacy-code-todo-rewrite/jestAdapter.js:79:19)
    at runTestInternal (/Users/machine/Project/GitHub/Namaskah. app/frontend/node_modules/jest-runner/build/runTest.js:367:16)
    at runTest (/Users/machine/Project/GitHub/Namaskah. app/frontend/node_modules/jest-runner/build/runTest.js:444:34)
    at Object.worker (/Users/machine/Project/GitHub/Namaskah. app/frontend/node_modules/jest-runner/build/testWorker.js:106:12)</failure>
    </testcase>
    <testcase classname="DashboardPage Integration Tests" name="passes correct props to BaseLayout" time="0">
      <failure>ReferenceError: document is not defined
    at render (/Users/machine/Project/GitHub/Namaskah. app/frontend/node_modules/@testing-library/react/dist/pure.js:239:5)
    at /Users/machine/Project/GitHub/Namaskah. app/frontend/src/components/pages/DashboardPage.test.js:186:11
    at Generator.call (/Users/machine/Project/GitHub/Namaskah. app/frontend/src/components/pages/DashboardPage.test.js:2:1)
    at Generator._invoke [as next] (/Users/machine/Project/GitHub/Namaskah. app/frontend/src/components/pages/DashboardPage.test.js:2:1)
    at asyncGeneratorStep (/Users/machine/Project/GitHub/Namaskah. app/frontend/src/components/pages/DashboardPage.test.js:2:1)
    at asyncGeneratorStep (/Users/machine/Project/GitHub/Namaskah. app/frontend/src/components/pages/DashboardPage.test.js:2:1)
    at _next (/Users/machine/Project/GitHub/Namaskah. app/frontend/src/components/pages/DashboardPage.test.js:2:1)
    at new Promise (&lt;anonymous&gt;)
    at Object.&lt;anonymous&gt; (/Users/machine/Project/GitHub/Namaskah. app/frontend/src/components/pages/DashboardPage.test.js:2:1)
    at Promise.then.completed (/Users/machine/Project/GitHub/Namaskah. app/frontend/node_modules/jest-circus/build/utils.js:298:28)
    at new Promise (&lt;anonymous&gt;)
    at callAsyncCircusFn (/Users/machine/Project/GitHub/Namaskah. app/frontend/node_modules/jest-circus/build/utils.js:231:10)
    at _callCircusTest (/Users/machine/Project/GitHub/Namaskah. app/frontend/node_modules/jest-circus/build/run.js:316:40)
    at processTicksAndRejections (node:internal/process/task_queues:105:5)
    at _runTest (/Users/machine/Project/GitHub/Namaskah. app/frontend/node_modules/jest-circus/build/run.js:252:3)
    at _runTestsForDescribeBlock (/Users/machine/Project/GitHub/Namaskah. app/frontend/node_modules/jest-circus/build/run.js:126:9)
    at _runTestsForDescribeBlock (/Users/machine/Project/GitHub/Namaskah. app/frontend/node_modules/jest-circus/build/run.js:121:9)
    at run (/Users/machine/Project/GitHub/Namaskah. app/frontend/node_modules/jest-circus/build/run.js:71:3)
    at runAndTransformResultsToJestFormat (/Users/machine/Project/GitHub/Namaskah. app/frontend/node_modules/jest-circus/build/legacy-code-todo-rewrite/jestAdapterInit.js:122:21)
    at jestAdapter (/Users/machine/Project/GitHub/Namaskah. app/frontend/node_modules/jest-circus/build/legacy-code-todo-rewrite/jestAdapter.js:79:19)
    at runTestInternal (/Users/machine/Project/GitHub/Namaskah. app/frontend/node_modules/jest-runner/build/runTest.js:367:16)
    at runTest (/Users/machine/Project/GitHub/Namaskah. app/frontend/node_modules/jest-runner/build/runTest.js:444:34)
    at Object.worker (/Users/machine/Project/GitHub/Namaskah. app/frontend/node_modules/jest-runner/build/testWorker.js:106:12)</failure>
      <failure>TypeError: Cannot read properties of undefined (reading &apos;navigator&apos;)
    at resetClipboardStubOnView (/Users/machine/Project/GitHub/Namaskah. app/frontend/node_modules/@testing-library/user-event/dist/cjs/utils/dataTransfer/Clipboard.js:117:32)
    at Object.&lt;anonymous&gt; (/Users/machine/Project/GitHub/Namaskah. app/frontend/node_modules/@testing-library/user-event/dist/cjs/utils/dataTransfer/Clipboard.js:158:21)
    at Promise.then.completed (/Users/machine/Project/GitHub/Namaskah. app/frontend/node_modules/jest-circus/build/utils.js:298:28)
    at new Promise (&lt;anonymous&gt;)
    at callAsyncCircusFn (/Users/machine/Project/GitHub/Namaskah. app/frontend/node_modules/jest-circus/build/utils.js:231:10)
    at _callCircusHook (/Users/machine/Project/GitHub/Namaskah. app/frontend/node_modules/jest-circus/build/run.js:281:40)
    at processTicksAndRejections (node:internal/process/task_queues:105:5)
    at _runTest (/Users/machine/Project/GitHub/Namaskah. app/frontend/node_modules/jest-circus/build/run.js:254:5)
    at _runTestsForDescribeBlock (/Users/machine/Project/GitHub/Namaskah. app/frontend/node_modules/jest-circus/build/run.js:126:9)
    at _runTestsForDescribeBlock (/Users/machine/Project/GitHub/Namaskah. app/frontend/node_modules/jest-circus/build/run.js:121:9)
    at run (/Users/machine/Project/GitHub/Namaskah. app/frontend/node_modules/jest-circus/build/run.js:71:3)
    at runAndTransformResultsToJestFormat (/Users/machine/Project/GitHub/Namaskah. app/frontend/node_modules/jest-circus/build/legacy-code-todo-rewrite/jestAdapterInit.js:122:21)
    at jestAdapter (/Users/machine/Project/GitHub/Namaskah. app/frontend/node_modules/jest-circus/build/legacy-code-todo-rewrite/jestAdapter.js:79:19)
    at runTestInternal (/Users/machine/Project/GitHub/Namaskah. app/frontend/node_modules/jest-runner/build/runTest.js:367:16)
    at runTest (/Users/machine/Project/GitHub/Namaskah. app/frontend/node_modules/jest-runner/build/runTest.js:444:34)
    at Object.worker (/Users/machine/Project/GitHub/Namaskah. app/frontend/node_modules/jest-runner/build/testWorker.js:106:12)</failure>
    </testcase>
    <testcase classname="DashboardPage Integration Tests" name="handles search functionality" time="0.001">
      <failure>ReferenceError: document is not defined
    at render (/Users/machine/Project/GitHub/Namaskah. app/frontend/node_modules/@testing-library/react/dist/pure.js:239:5)
    at /Users/machine/Project/GitHub/Namaskah. app/frontend/src/components/pages/DashboardPage.test.js:195:11
    at Generator.call (/Users/machine/Project/GitHub/Namaskah. app/frontend/src/components/pages/DashboardPage.test.js:2:1)
    at Generator._invoke [as next] (/Users/machine/Project/GitHub/Namaskah. app/frontend/src/components/pages/DashboardPage.test.js:2:1)
    at asyncGeneratorStep (/Users/machine/Project/GitHub/Namaskah. app/frontend/src/components/pages/DashboardPage.test.js:2:1)
    at asyncGeneratorStep (/Users/machine/Project/GitHub/Namaskah. app/frontend/src/components/pages/DashboardPage.test.js:2:1)
    at _next (/Users/machine/Project/GitHub/Namaskah. app/frontend/src/components/pages/DashboardPage.test.js:2:1)
    at new Promise (&lt;anonymous&gt;)
    at Object.&lt;anonymous&gt; (/Users/machine/Project/GitHub/Namaskah. app/frontend/src/components/pages/DashboardPage.test.js:2:1)
    at Promise.then.completed (/Users/machine/Project/GitHub/Namaskah. app/frontend/node_modules/jest-circus/build/utils.js:298:28)
    at new Promise (&lt;anonymous&gt;)
    at callAsyncCircusFn (/Users/machine/Project/GitHub/Namaskah. app/frontend/node_modules/jest-circus/build/utils.js:231:10)
    at _callCircusTest (/Users/machine/Project/GitHub/Namaskah. app/frontend/node_modules/jest-circus/build/run.js:316:40)
    at processTicksAndRejections (node:internal/process/task_queues:105:5)
    at _runTest (/Users/machine/Project/GitHub/Namaskah. app/frontend/node_modules/jest-circus/build/run.js:252:3)
    at _runTestsForDescribeBlock (/Users/machine/Project/GitHub/Namaskah. app/frontend/node_modules/jest-circus/build/run.js:126:9)
    at _runTestsForDescribeBlock (/Users/machine/Project/GitHub/Namaskah. app/frontend/node_modules/jest-circus/build/run.js:121:9)
    at run (/Users/machine/Project/GitHub/Namaskah. app/frontend/node_modules/jest-circus/build/run.js:71:3)
    at runAndTransformResultsToJestFormat (/Users/machine/Project/GitHub/Namaskah. app/frontend/node_modules/jest-circus/build/legacy-code-todo-rewrite/jestAdapterInit.js:122:21)
    at jestAdapter (/Users/machine/Project/GitHub/Namaskah. app/frontend/node_modules/jest-circus/build/legacy-code-todo-rewrite/jestAdapter.js:79:19)
    at runTestInternal (/Users/machine/Project/GitHub/Namaskah. app/frontend/node_modules/jest-runner/build/runTest.js:367:16)
    at runTest (/Users/machine/Project/GitHub/Namaskah. app/frontend/node_modules/jest-runner/build/runTest.js:444:34)
    at Object.worker (/Users/machine/Project/GitHub/Namaskah. app/frontend/node_modules/jest-runner/build/testWorker.js:106:12)</failure>
      <failure>TypeError: Cannot read properties of undefined (reading &apos;navigator&apos;)
    at resetClipboardStubOnView (/Users/machine/Project/GitHub/Namaskah. app/frontend/node_modules/@testing-library/user-event/dist/cjs/utils/dataTransfer/Clipboard.js:117:32)
    at Object.&lt;anonymous&gt; (/Users/machine/Project/GitHub/Namaskah. app/frontend/node_modules/@testing-library/user-event/dist/cjs/utils/dataTransfer/Clipboard.js:158:21)
    at Promise.then.completed (/Users/machine/Project/GitHub/Namaskah. app/frontend/node_modules/jest-circus/build/utils.js:298:28)
    at new Promise (&lt;anonymous&gt;)
    at callAsyncCircusFn (/Users/machine/Project/GitHub/Namaskah. app/frontend/node_modules/jest-circus/build/utils.js:231:10)
    at _callCircusHook (/Users/machine/Project/GitHub/Namaskah. app/frontend/node_modules/jest-circus/build/run.js:281:40)
    at processTicksAndRejections (node:internal/process/task_queues:105:5)
    at _runTest (/Users/machine/Project/GitHub/Namaskah. app/frontend/node_modules/jest-circus/build/run.js:254:5)
    at _runTestsForDescribeBlock (/Users/machine/Project/GitHub/Namaskah. app/frontend/node_modules/jest-circus/build/run.js:126:9)
    at _runTestsForDescribeBlock (/Users/machine/Project/GitHub/Namaskah. app/frontend/node_modules/jest-circus/build/run.js:121:9)
    at run (/Users/machine/Project/GitHub/Namaskah. app/frontend/node_modules/jest-circus/build/run.js:71:3)
    at runAndTransformResultsToJestFormat (/Users/machine/Project/GitHub/Namaskah. app/frontend/node_modules/jest-circus/build/legacy-code-todo-rewrite/jestAdapterInit.js:122:21)
    at jestAdapter (/Users/machine/Project/GitHub/Namaskah. app/frontend/node_modules/jest-circus/build/legacy-code-todo-rewrite/jestAdapter.js:79:19)
    at runTestInternal (/Users/machine/Project/GitHub/Namaskah. app/frontend/node_modules/jest-runner/build/runTest.js:367:16)
    at runTest (/Users/machine/Project/GitHub/Namaskah. app/frontend/node_modules/jest-runner/build/runTest.js:444:34)
    at Object.worker (/Users/machine/Project/GitHub/Namaskah. app/frontend/node_modules/jest-runner/build/testWorker.js:106:12)</failure>
    </testcase>
    <testcase classname="DashboardPage Integration Tests" name="handles logout functionality" time="0.002">
      <failure>ReferenceError: document is not defined
    at render (/Users/machine/Project/GitHub/Namaskah. app/frontend/node_modules/@testing-library/react/dist/pure.js:239:5)
    at /Users/machine/Project/GitHub/Namaskah. app/frontend/src/components/pages/DashboardPage.test.js:208:11
    at Generator.call (/Users/machine/Project/GitHub/Namaskah. app/frontend/src/components/pages/DashboardPage.test.js:2:1)
    at Generator._invoke [as next] (/Users/machine/Project/GitHub/Namaskah. app/frontend/src/components/pages/DashboardPage.test.js:2:1)
    at asyncGeneratorStep (/Users/machine/Project/GitHub/Namaskah. app/frontend/src/components/pages/DashboardPage.test.js:2:1)
    at asyncGeneratorStep (/Users/machine/Project/GitHub/Namaskah. app/frontend/src/components/pages/DashboardPage.test.js:2:1)
    at _next (/Users/machine/Project/GitHub/Namaskah. app/frontend/src/components/pages/DashboardPage.test.js:2:1)
    at new Promise (&lt;anonymous&gt;)
    at Object.&lt;anonymous&gt; (/Users/machine/Project/GitHub/Namaskah. app/frontend/src/components/pages/DashboardPage.test.js:2:1)
    at Promise.then.completed (/Users/machine/Project/GitHub/Namaskah. app/frontend/node_modules/jest-circus/build/utils.js:298:28)
    at new Promise (&lt;anonymous&gt;)
    at callAsyncCircusFn (/Users/machine/Project/GitHub/Namaskah. app/frontend/node_modules/jest-circus/build/utils.js:231:10)
    at _callCircusTest (/Users/machine/Project/GitHub/Namaskah. app/frontend/node_modules/jest-circus/build/run.js:316:40)
    at processTicksAndRejections (node:internal/process/task_queues:105:5)
    at _runTest (/Users/machine/Project/GitHub/Namaskah. app/frontend/node_modules/jest-circus/build/run.js:252:3)
    at _runTestsForDescribeBlock (/Users/machine/Project/GitHub/Namaskah. app/frontend/node_modules/jest-circus/build/run.js:126:9)
    at _runTestsForDescribeBlock (/Users/machine/Project/GitHub/Namaskah. app/frontend/node_modules/jest-circus/build/run.js:121:9)
    at run (/Users/machine/Project/GitHub/Namaskah. app/frontend/node_modules/jest-circus/build/run.js:71:3)
    at runAndTransformResultsToJestFormat (/Users/machine/Project/GitHub/Namaskah. app/frontend/node_modules/jest-circus/build/legacy-code-todo-rewrite/jestAdapterInit.js:122:21)
    at jestAdapter (/Users/machine/Project/GitHub/Namaskah. app/frontend/node_modules/jest-circus/build/legacy-code-todo-rewrite/jestAdapter.js:79:19)
    at runTestInternal (/Users/machine/Project/GitHub/Namaskah. app/frontend/node_modules/jest-runner/build/runTest.js:367:16)
    at runTest (/Users/machine/Project/GitHub/Namaskah. app/frontend/node_modules/jest-runner/build/runTest.js:444:34)
    at Object.worker (/Users/machine/Project/GitHub/Namaskah. app/frontend/node_modules/jest-runner/build/testWorker.js:106:12)</failure>
      <failure>TypeError: Cannot read properties of undefined (reading &apos;navigator&apos;)
    at resetClipboardStubOnView (/Users/machine/Project/GitHub/Namaskah. app/frontend/node_modules/@testing-library/user-event/dist/cjs/utils/dataTransfer/Clipboard.js:117:32)
    at Object.&lt;anonymous&gt; (/Users/machine/Project/GitHub/Namaskah. app/frontend/node_modules/@testing-library/user-event/dist/cjs/utils/dataTransfer/Clipboard.js:158:21)
    at Promise.then.completed (/Users/machine/Project/GitHub/Namaskah. app/frontend/node_modules/jest-circus/build/utils.js:298:28)
    at new Promise (&lt;anonymous&gt;)
    at callAsyncCircusFn (/Users/machine/Project/GitHub/Namaskah. app/frontend/node_modules/jest-circus/build/utils.js:231:10)
    at _callCircusHook (/Users/machine/Project/GitHub/Namaskah. app/frontend/node_modules/jest-circus/build/run.js:281:40)
    at processTicksAndRejections (node:internal/process/task_queues:105:5)
    at _runTest (/Users/machine/Project/GitHub/Namaskah. app/frontend/node_modules/jest-circus/build/run.js:254:5)
    at _runTestsForDescribeBlock (/Users/machine/Project/GitHub/Namaskah. app/frontend/node_modules/jest-circus/build/run.js:126:9)
    at _runTestsForDescribeBlock (/Users/machine/Project/GitHub/Namaskah. app/frontend/node_modules/jest-circus/build/run.js:121:9)
    at run (/Users/machine/Project/GitHub/Namaskah. app/frontend/node_modules/jest-circus/build/run.js:71:3)
    at runAndTransformResultsToJestFormat (/Users/machine/Project/GitHub/Namaskah. app/frontend/node_modules/jest-circus/build/legacy-code-todo-rewrite/jestAdapterInit.js:122:21)
    at jestAdapter (/Users/machine/Project/GitHub/Namaskah. app/frontend/node_modules/jest-circus/build/legacy-code-todo-rewrite/jestAdapter.js:79:19)
    at runTestInternal (/Users/machine/Project/GitHub/Namaskah. app/frontend/node_modules/jest-runner/build/runTest.js:367:16)
    at runTest (/Users/machine/Project/GitHub/Namaskah. app/frontend/node_modules/jest-runner/build/runTest.js:444:34)
    at Object.worker (/Users/machine/Project/GitHub/Namaskah. app/frontend/node_modules/jest-runner/build/testWorker.js:106:12)</failure>
    </testcase>
    <testcase classname="" name="Test execution failure: could be caused by test hooks like &apos;afterAll&apos;." time="0">
      <failure>{&quot;message&quot;:&quot;&quot;,&quot;stack&quot;:&quot;TypeError: Cannot read properties of undefined (reading &apos;navigator&apos;)\n    at detachClipboardStubFromView (/Users/machine/Project/GitHub/Namaskah. app/frontend/node_modules/@testing-library/user-event/dist/cjs/utils/dataTransfer/Clipboard.js:122:32)\n    at Object.&lt;anonymous&gt; (/Users/machine/Project/GitHub/Namaskah. app/frontend/node_modules/@testing-library/user-event/dist/cjs/utils/dataTransfer/Clipboard.js:161:20)\n    at Promise.then.completed (/Users/machine/Project/GitHub/Namaskah. app/frontend/node_modules/jest-circus/build/utils.js:298:28)\n    at new Promise (&lt;anonymous&gt;)\n    at callAsyncCircusFn (/Users/machine/Project/GitHub/Namaskah. app/frontend/node_modules/jest-circus/build/utils.js:231:10)\n    at _callCircusHook (/Users/machine/Project/GitHub/Namaskah. app/frontend/node_modules/jest-circus/build/run.js:281:40)\n    at processTicksAndRejections (node:internal/process/task_queues:105:5)\n    at _runTestsForDescribeBlock (/Users/machine/Project/GitHub/Namaskah. app/frontend/node_modules/jest-circus/build/run.js:154:7)\n    at run (/Users/machine/Project/GitHub/Namaskah. app/frontend/node_modules/jest-circus/build/run.js:71:3)\n    at runAndTransformResultsToJestFormat (/Users/machine/Project/GitHub/Namaskah. app/frontend/node_modules/jest-circus/build/legacy-code-todo-rewrite/jestAdapterInit.js:122:21)\n    at jestAdapter (/Users/machine/Project/GitHub/Namaskah. app/frontend/node_modules/jest-circus/build/legacy-code-todo-rewrite/jestAdapter.js:79:19)\n    at runTestInternal (/Users/machine/Project/GitHub/Namaskah. app/frontend/node_modules/jest-runner/build/runTest.js:367:16)\n    at runTest (/Users/machine/Project/GitHub/Namaskah. app/frontend/node_modules/jest-runner/build/runTest.js:444:34)\n    at Object.worker (/Users/machine/Project/GitHub/Namaskah. app/frontend/node_modules/jest-runner/build/testWorker.js:106:12)&quot;}</failure>
    </testcase>
  </testsuite>
  <testsuite name="NotificationCenter" errors="0" failures="11" skipped="0" timestamp="2025-10-08T22:37:11" time="1.942" tests="11">
    <testcase classname="NotificationCenter" name="should render notification bell with unread count" time="0.002">
      <failure>ReferenceError: document is not defined
    at render (/Users/machine/Project/GitHub/Namaskah. app/frontend/node_modules/@testing-library/react/dist/pure.js:239:5)
    at Object.&lt;anonymous&gt; (/Users/machine/Project/GitHub/Namaskah. app/frontend/src/components/molecules/NotificationCenter.test.js:46:11)
    at Promise.then.completed (/Users/machine/Project/GitHub/Namaskah. app/frontend/node_modules/jest-circus/build/utils.js:298:28)
    at new Promise (&lt;anonymous&gt;)
    at callAsyncCircusFn (/Users/machine/Project/GitHub/Namaskah. app/frontend/node_modules/jest-circus/build/utils.js:231:10)
    at _callCircusTest (/Users/machine/Project/GitHub/Namaskah. app/frontend/node_modules/jest-circus/build/run.js:316:40)
    at processTicksAndRejections (node:internal/process/task_queues:105:5)
    at _runTest (/Users/machine/Project/GitHub/Namaskah. app/frontend/node_modules/jest-circus/build/run.js:252:3)
    at _runTestsForDescribeBlock (/Users/machine/Project/GitHub/Namaskah. app/frontend/node_modules/jest-circus/build/run.js:126:9)
    at _runTestsForDescribeBlock (/Users/machine/Project/GitHub/Namaskah. app/frontend/node_modules/jest-circus/build/run.js:121:9)
    at run (/Users/machine/Project/GitHub/Namaskah. app/frontend/node_modules/jest-circus/build/run.js:71:3)
    at runAndTransformResultsToJestFormat (/Users/machine/Project/GitHub/Namaskah. app/frontend/node_modules/jest-circus/build/legacy-code-todo-rewrite/jestAdapterInit.js:122:21)
    at jestAdapter (/Users/machine/Project/GitHub/Namaskah. app/frontend/node_modules/jest-circus/build/legacy-code-todo-rewrite/jestAdapter.js:79:19)
    at runTestInternal (/Users/machine/Project/GitHub/Namaskah. app/frontend/node_modules/jest-runner/build/runTest.js:367:16)
    at runTest (/Users/machine/Project/GitHub/Namaskah. app/frontend/node_modules/jest-runner/build/runTest.js:444:34)
    at Object.worker (/Users/machine/Project/GitHub/Namaskah. app/frontend/node_modules/jest-runner/build/testWorker.js:106:12)</failure>
    </testcase>
    <testcase classname="NotificationCenter" name="should open notification dropdown when bell is clicked" time="0.002">
      <failure>ReferenceError: document is not defined
    at render (/Users/machine/Project/GitHub/Namaskah. app/frontend/node_modules/@testing-library/react/dist/pure.js:239:5)
    at /Users/machine/Project/GitHub/Namaskah. app/frontend/src/components/molecules/NotificationCenter.test.js:56:11
    at Generator.call (/Users/machine/Project/GitHub/Namaskah. app/frontend/src/components/molecules/NotificationCenter.test.js:2:1)
    at Generator._invoke [as next] (/Users/machine/Project/GitHub/Namaskah. app/frontend/src/components/molecules/NotificationCenter.test.js:2:1)
    at asyncGeneratorStep (/Users/machine/Project/GitHub/Namaskah. app/frontend/src/components/molecules/NotificationCenter.test.js:2:1)
    at asyncGeneratorStep (/Users/machine/Project/GitHub/Namaskah. app/frontend/src/components/molecules/NotificationCenter.test.js:2:1)
    at _next (/Users/machine/Project/GitHub/Namaskah. app/frontend/src/components/molecules/NotificationCenter.test.js:2:1)
    at new Promise (&lt;anonymous&gt;)
    at Object.&lt;anonymous&gt; (/Users/machine/Project/GitHub/Namaskah. app/frontend/src/components/molecules/NotificationCenter.test.js:2:1)
    at Promise.then.completed (/Users/machine/Project/GitHub/Namaskah. app/frontend/node_modules/jest-circus/build/utils.js:298:28)
    at new Promise (&lt;anonymous&gt;)
    at callAsyncCircusFn (/Users/machine/Project/GitHub/Namaskah. app/frontend/node_modules/jest-circus/build/utils.js:231:10)
    at _callCircusTest (/Users/machine/Project/GitHub/Namaskah. app/frontend/node_modules/jest-circus/build/run.js:316:40)
    at processTicksAndRejections (node:internal/process/task_queues:105:5)
    at _runTest (/Users/machine/Project/GitHub/Namaskah. app/frontend/node_modules/jest-circus/build/run.js:252:3)
    at _runTestsForDescribeBlock (/Users/machine/Project/GitHub/Namaskah. app/frontend/node_modules/jest-circus/build/run.js:126:9)
    at _runTestsForDescribeBlock (/Users/machine/Project/GitHub/Namaskah. app/frontend/node_modules/jest-circus/build/run.js:121:9)
    at run (/Users/machine/Project/GitHub/Namaskah. app/frontend/node_modules/jest-circus/build/run.js:71:3)
    at runAndTransformResultsToJestFormat (/Users/machine/Project/GitHub/Namaskah. app/frontend/node_modules/jest-circus/build/legacy-code-todo-rewrite/jestAdapterInit.js:122:21)
    at jestAdapter (/Users/machine/Project/GitHub/Namaskah. app/frontend/node_modules/jest-circus/build/legacy-code-todo-rewrite/jestAdapter.js:79:19)
    at runTestInternal (/Users/machine/Project/GitHub/Namaskah. app/frontend/node_modules/jest-runner/build/runTest.js:367:16)
    at runTest (/Users/machine/Project/GitHub/Namaskah. app/frontend/node_modules/jest-runner/build/runTest.js:444:34)
    at Object.worker (/Users/machine/Project/GitHub/Namaskah. app/frontend/node_modules/jest-runner/build/testWorker.js:106:12)</failure>
    </testcase>
    <testcase classname="NotificationCenter" name="should filter notifications correctly" time="0.015">
      <failure>ReferenceError: document is not defined
    at render (/Users/machine/Project/GitHub/Namaskah. app/frontend/node_modules/@testing-library/react/dist/pure.js:239:5)
    at /Users/machine/Project/GitHub/Namaskah. app/frontend/src/components/molecules/NotificationCenter.test.js:69:11
    at Generator.call (/Users/machine/Project/GitHub/Namaskah. app/frontend/src/components/molecules/NotificationCenter.test.js:2:1)
    at Generator._invoke [as next] (/Users/machine/Project/GitHub/Namaskah. app/frontend/src/components/molecules/NotificationCenter.test.js:2:1)
    at asyncGeneratorStep (/Users/machine/Project/GitHub/Namaskah. app/frontend/src/components/molecules/NotificationCenter.test.js:2:1)
    at asyncGeneratorStep (/Users/machine/Project/GitHub/Namaskah. app/frontend/src/components/molecules/NotificationCenter.test.js:2:1)
    at _next (/Users/machine/Project/GitHub/Namaskah. app/frontend/src/components/molecules/NotificationCenter.test.js:2:1)
    at new Promise (&lt;anonymous&gt;)
    at Object.&lt;anonymous&gt; (/Users/machine/Project/GitHub/Namaskah. app/frontend/src/components/molecules/NotificationCenter.test.js:2:1)
    at Promise.then.completed (/Users/machine/Project/GitHub/Namaskah. app/frontend/node_modules/jest-circus/build/utils.js:298:28)
    at new Promise (&lt;anonymous&gt;)
    at callAsyncCircusFn (/Users/machine/Project/GitHub/Namaskah. app/frontend/node_modules/jest-circus/build/utils.js:231:10)
    at _callCircusTest (/Users/machine/Project/GitHub/Namaskah. app/frontend/node_modules/jest-circus/build/run.js:316:40)
    at processTicksAndRejections (node:internal/process/task_queues:105:5)
    at _runTest (/Users/machine/Project/GitHub/Namaskah. app/frontend/node_modules/jest-circus/build/run.js:252:3)
    at _runTestsForDescribeBlock (/Users/machine/Project/GitHub/Namaskah. app/frontend/node_modules/jest-circus/build/run.js:126:9)
    at _runTestsForDescribeBlock (/Users/machine/Project/GitHub/Namaskah. app/frontend/node_modules/jest-circus/build/run.js:121:9)
    at run (/Users/machine/Project/GitHub/Namaskah. app/frontend/node_modules/jest-circus/build/run.js:71:3)
    at runAndTransformResultsToJestFormat (/Users/machine/Project/GitHub/Namaskah. app/frontend/node_modules/jest-circus/build/legacy-code-todo-rewrite/jestAdapterInit.js:122:21)
    at jestAdapter (/Users/machine/Project/GitHub/Namaskah. app/frontend/node_modules/jest-circus/build/legacy-code-todo-rewrite/jestAdapter.js:79:19)
    at runTestInternal (/Users/machine/Project/GitHub/Namaskah. app/frontend/node_modules/jest-runner/build/runTest.js:367:16)
    at runTest (/Users/machine/Project/GitHub/Namaskah. app/frontend/node_modules/jest-runner/build/runTest.js:444:34)
    at Object.worker (/Users/machine/Project/GitHub/Namaskah. app/frontend/node_modules/jest-runner/build/testWorker.js:106:12)</failure>
    </testcase>
    <testcase classname="NotificationCenter" name="should mark notification as read when clicked" time="0">
      <failure>ReferenceError: document is not defined
    at render (/Users/machine/Project/GitHub/Namaskah. app/frontend/node_modules/@testing-library/react/dist/pure.js:239:5)
    at /Users/machine/Project/GitHub/Namaskah. app/frontend/src/components/molecules/NotificationCenter.test.js:103:11
    at Generator.call (/Users/machine/Project/GitHub/Namaskah. app/frontend/src/components/molecules/NotificationCenter.test.js:2:1)
    at Generator._invoke [as next] (/Users/machine/Project/GitHub/Namaskah. app/frontend/src/components/molecules/NotificationCenter.test.js:2:1)
    at asyncGeneratorStep (/Users/machine/Project/GitHub/Namaskah. app/frontend/src/components/molecules/NotificationCenter.test.js:2:1)
    at asyncGeneratorStep (/Users/machine/Project/GitHub/Namaskah. app/frontend/src/components/molecules/NotificationCenter.test.js:2:1)
    at _next (/Users/machine/Project/GitHub/Namaskah. app/frontend/src/components/molecules/NotificationCenter.test.js:2:1)
    at new Promise (&lt;anonymous&gt;)
    at Object.&lt;anonymous&gt; (/Users/machine/Project/GitHub/Namaskah. app/frontend/src/components/molecules/NotificationCenter.test.js:2:1)
    at Promise.then.completed (/Users/machine/Project/GitHub/Namaskah. app/frontend/node_modules/jest-circus/build/utils.js:298:28)
    at new Promise (&lt;anonymous&gt;)
    at callAsyncCircusFn (/Users/machine/Project/GitHub/Namaskah. app/frontend/node_modules/jest-circus/build/utils.js:231:10)
    at _callCircusTest (/Users/machine/Project/GitHub/Namaskah. app/frontend/node_modules/jest-circus/build/run.js:316:40)
    at processTicksAndRejections (node:internal/process/task_queues:105:5)
    at _runTest (/Users/machine/Project/GitHub/Namaskah. app/frontend/node_modules/jest-circus/build/run.js:252:3)
    at _runTestsForDescribeBlock (/Users/machine/Project/GitHub/Namaskah. app/frontend/node_modules/jest-circus/build/run.js:126:9)
    at _runTestsForDescribeBlock (/Users/machine/Project/GitHub/Namaskah. app/frontend/node_modules/jest-circus/build/run.js:121:9)
    at run (/Users/machine/Project/GitHub/Namaskah. app/frontend/node_modules/jest-circus/build/run.js:71:3)
    at runAndTransformResultsToJestFormat (/Users/machine/Project/GitHub/Namaskah. app/frontend/node_modules/jest-circus/build/legacy-code-todo-rewrite/jestAdapterInit.js:122:21)
    at jestAdapter (/Users/machine/Project/GitHub/Namaskah. app/frontend/node_modules/jest-circus/build/legacy-code-todo-rewrite/jestAdapter.js:79:19)
    at runTestInternal (/Users/machine/Project/GitHub/Namaskah. app/frontend/node_modules/jest-runner/build/runTest.js:367:16)
    at runTest (/Users/machine/Project/GitHub/Namaskah. app/frontend/node_modules/jest-runner/build/runTest.js:444:34)
    at Object.worker (/Users/machine/Project/GitHub/Namaskah. app/frontend/node_modules/jest-runner/build/testWorker.js:106:12)</failure>
    </testcase>
    <testcase classname="NotificationCenter" name="should delete notification when delete button is clicked" time="0.001">
      <failure>ReferenceError: document is not defined
    at render (/Users/machine/Project/GitHub/Namaskah. app/frontend/node_modules/@testing-library/react/dist/pure.js:239:5)
    at /Users/machine/Project/GitHub/Namaskah. app/frontend/src/components/molecules/NotificationCenter.test.js:119:11
    at Generator.call (/Users/machine/Project/GitHub/Namaskah. app/frontend/src/components/molecules/NotificationCenter.test.js:2:1)
    at Generator._invoke [as next] (/Users/machine/Project/GitHub/Namaskah. app/frontend/src/components/molecules/NotificationCenter.test.js:2:1)
    at asyncGeneratorStep (/Users/machine/Project/GitHub/Namaskah. app/frontend/src/components/molecules/NotificationCenter.test.js:2:1)
    at asyncGeneratorStep (/Users/machine/Project/GitHub/Namaskah. app/frontend/src/components/molecules/NotificationCenter.test.js:2:1)
    at _next (/Users/machine/Project/GitHub/Namaskah. app/frontend/src/components/molecules/NotificationCenter.test.js:2:1)
    at new Promise (&lt;anonymous&gt;)
    at Object.&lt;anonymous&gt; (/Users/machine/Project/GitHub/Namaskah. app/frontend/src/components/molecules/NotificationCenter.test.js:2:1)
    at Promise.then.completed (/Users/machine/Project/GitHub/Namaskah. app/frontend/node_modules/jest-circus/build/utils.js:298:28)
    at new Promise (&lt;anonymous&gt;)
    at callAsyncCircusFn (/Users/machine/Project/GitHub/Namaskah. app/frontend/node_modules/jest-circus/build/utils.js:231:10)
    at _callCircusTest (/Users/machine/Project/GitHub/Namaskah. app/frontend/node_modules/jest-circus/build/run.js:316:40)
    at processTicksAndRejections (node:internal/process/task_queues:105:5)
    at _runTest (/Users/machine/Project/GitHub/Namaskah. app/frontend/node_modules/jest-circus/build/run.js:252:3)
    at _runTestsForDescribeBlock (/Users/machine/Project/GitHub/Namaskah. app/frontend/node_modules/jest-circus/build/run.js:126:9)
[...]
    at _next (/Users/machine/Project/GitHub/Namaskah. app/frontend/src/hooks/useVerification.test.js:2:1)
    at new Promise (&lt;anonymous&gt;)
    at Object.&lt;anonymous&gt; (/Users/machine/Project/GitHub/Namaskah. app/frontend/src/hooks/useVerification.test.js:2:1)
    at Promise.then.completed (/Users/machine/Project/GitHub/Namaskah. app/frontend/node_modules/jest-circus/build/utils.js:298:28)
    at new Promise (&lt;anonymous&gt;)
    at callAsyncCircusFn (/Users/machine/Project/GitHub/Namaskah. app/frontend/node_modules/jest-circus/build/utils.js:231:10)
    at _callCircusTest (/Users/machine/Project/GitHub/Namaskah. app/frontend/node_modules/jest-circus/build/run.js:316:40)
    at processTicksAndRejections (node:internal/process/task_queues:105:5)
    at _runTest (/Users/machine/Project/GitHub/Namaskah. app/frontend/node_modules/jest-circus/build/run.js:252:3)
    at _runTestsForDescribeBlock (/Users/machine/Project/GitHub/Namaskah. app/frontend/node_modules/jest-circus/build/run.js:126:9)
    at _runTestsForDescribeBlock (/Users/machine/Project/GitHub/Namaskah. app/frontend/node_modules/jest-circus/build/run.js:121:9)
    at run (/Users/machine/Project/GitHub/Namaskah. app/frontend/node_modules/jest-circus/build/run.js:71:3)
    at runAndTransformResultsToJestFormat (/Users/machine/Project/GitHub/Namaskah. app/frontend/node_modules/jest-circus/build/legacy-code-todo-rewrite/jestAdapterInit.js:122:21)
    at jestAdapter (/Users/machine/Project/GitHub/Namaskah. app/frontend/node_modules/jest-circus/build/legacy-code-todo-rewrite/jestAdapter.js:79:19)
    at runTestInternal (/Users/machine/Project/GitHub/Namaskah. app/frontend/node_modules/jest-runner/build/runTest.js:367:16)
    at runTest (/Users/machine/Project/GitHub/Namaskah. app/frontend/node_modules/jest-runner/build/runTest.js:444:34)
    at Object.worker (/Users/machine/Project/GitHub/Namaskah. app/frontend/node_modules/jest-runner/build/testWorker.js:106:12)</failure>
    </testcase>
    <testcase classname="useVerification" name="should show notifications for status changes" time="0.001">
      <failure>ReferenceError: document is not defined
    at render (/Users/machine/Project/GitHub/Namaskah. app/frontend/node_modules/@testing-library/react/dist/pure.js:239:5)
    at renderHook (/Users/machine/Project/GitHub/Namaskah. app/frontend/node_modules/@testing-library/react/dist/pure.js:318:7)
    at /Users/machine/Project/GitHub/Namaskah. app/frontend/src/hooks/useVerification.test.js:110:34
    at Generator.call (/Users/machine/Project/GitHub/Namaskah. app/frontend/src/hooks/useVerification.test.js:2:1)
    at Generator._invoke [as next] (/Users/machine/Project/GitHub/Namaskah. app/frontend/src/hooks/useVerification.test.js:2:1)
    at asyncGeneratorStep (/Users/machine/Project/GitHub/Namaskah. app/frontend/src/hooks/useVerification.test.js:2:1)
    at asyncGeneratorStep (/Users/machine/Project/GitHub/Namaskah. app/frontend/src/hooks/useVerification.test.js:2:1)
    at _next (/Users/machine/Project/GitHub/Namaskah. app/frontend/src/hooks/useVerification.test.js:2:1)
    at new Promise (&lt;anonymous&gt;)
    at Object.&lt;anonymous&gt; (/Users/machine/Project/GitHub/Namaskah. app/frontend/src/hooks/useVerification.test.js:2:1)
    at Promise.then.completed (/Users/machine/Project/GitHub/Namaskah. app/frontend/node_modules/jest-circus/build/utils.js:298:28)
    at new Promise (&lt;anonymous&gt;)
    at callAsyncCircusFn (/Users/machine/Project/GitHub/Namaskah. app/frontend/node_modules/jest-circus/build/utils.js:231:10)
    at _callCircusTest (/Users/machine/Project/GitHub/Namaskah. app/frontend/node_modules/jest-circus/build/run.js:316:40)
    at processTicksAndRejections (node:internal/process/task_queues:105:5)
    at _runTest (/Users/machine/Project/GitHub/Namaskah. app/frontend/node_modules/jest-circus/build/run.js:252:3)
    at _runTestsForDescribeBlock (/Users/machine/Project/GitHub/Namaskah. app/frontend/node_modules/jest-circus/build/run.js:126:9)
    at _runTestsForDescribeBlock (/Users/machine/Project/GitHub/Namaskah. app/frontend/node_modules/jest-circus/build/run.js:121:9)
    at run (/Users/machine/Project/GitHub/Namaskah. app/frontend/node_modules/jest-circus/build/run.js:71:3)
    at runAndTransformResultsToJestFormat (/Users/machine/Project/GitHub/Namaskah. app/frontend/node_modules/jest-circus/build/legacy-code-todo-rewrite/jestAdapterInit.js:122:21)
    at jestAdapter (/Users/machine/Project/GitHub/Namaskah. app/frontend/node_modules/jest-circus/build/legacy-code-todo-rewrite/jestAdapter.js:79:19)
    at runTestInternal (/Users/machine/Project/GitHub/Namaskah. app/frontend/node_modules/jest-runner/build/runTest.js:367:16)
    at runTest (/Users/machine/Project/GitHub/Namaskah. app/frontend/node_modules/jest-runner/build/runTest.js:444:34)
    at Object.worker (/Users/machine/Project/GitHub/Namaskah. app/frontend/node_modules/jest-runner/build/testWorker.js:106:12)</failure>
    </testcase>
    <testcase classname="useVerification" name="should handle polling with exponential backoff" time="0.001">
      <failure>ReferenceError: document is not defined
    at render (/Users/machine/Project/GitHub/Namaskah. app/frontend/node_modules/@testing-library/react/dist/pure.js:239:5)
    at renderHook (/Users/machine/Project/GitHub/Namaskah. app/frontend/node_modules/@testing-library/react/dist/pure.js:318:7)
    at /Users/machine/Project/GitHub/Namaskah. app/frontend/src/hooks/useVerification.test.js:135:34
    at Generator.call (/Users/machine/Project/GitHub/Namaskah. app/frontend/src/hooks/useVerification.test.js:2:1)
    at Generator._invoke [as next] (/Users/machine/Project/GitHub/Namaskah. app/frontend/src/hooks/useVerification.test.js:2:1)
    at asyncGeneratorStep (/Users/machine/Project/GitHub/Namaskah. app/frontend/src/hooks/useVerification.test.js:2:1)
    at asyncGeneratorStep (/Users/machine/Project/GitHub/Namaskah. app/frontend/src/hooks/useVerification.test.js:2:1)
    at _next (/Users/machine/Project/GitHub/Namaskah. app/frontend/src/hooks/useVerification.test.js:2:1)
    at new Promise (&lt;anonymous&gt;)
    at Object.&lt;anonymous&gt; (/Users/machine/Project/GitHub/Namaskah. app/frontend/src/hooks/useVerification.test.js:2:1)
    at Promise.then.completed (/Users/machine/Project/GitHub/Namaskah. app/frontend/node_modules/jest-circus/build/utils.js:298:28)
    at new Promise (&lt;anonymous&gt;)
    at callAsyncCircusFn (/Users/machine/Project/GitHub/Namaskah. app/frontend/node_modules/jest-circus/build/utils.js:231:10)
    at _callCircusTest (/Users/machine/Project/GitHub/Namaskah. app/frontend/node_modules/jest-circus/build/run.js:316:40)
    at processTicksAndRejections (node:internal/process/task_queues:105:5)
    at _runTest (/Users/machine/Project/GitHub/Namaskah. app/frontend/node_modules/jest-circus/build/run.js:252:3)
    at _runTestsForDescribeBlock (/Users/machine/Project/GitHub/Namaskah. app/frontend/node_modules/jest-circus/build/run.js:126:9)
    at _runTestsForDescribeBlock (/Users/machine/Project/GitHub/Namaskah. app/frontend/node_modules/jest-circus/build/run.js:121:9)
    at run (/Users/machine/Project/GitHub/Namaskah. app/frontend/node_modules/jest-circus/build/run.js:71:3)
    at runAndTransformResultsToJestFormat (/Users/machine/Project/GitHub/Namaskah. app/frontend/node_modules/jest-circus/build/legacy-code-todo-rewrite/jestAdapterInit.js:122:21)
    at jestAdapter (/Users/machine/Project/GitHub/Namaskah. app/frontend/node_modules/jest-circus/build/legacy-code-todo-rewrite/jestAdapter.js:79:19)
    at runTestInternal (/Users/machine/Project/GitHub/Namaskah. app/frontend/node_modules/jest-runner/build/runTest.js:367:16)
    at runTest (/Users/machine/Project/GitHub/Namaskah. app/frontend/node_modules/jest-runner/build/runTest.js:444:34)
    at Object.worker (/Users/machine/Project/GitHub/Namaskah. app/frontend/node_modules/jest-runner/build/testWorker.js:106:12)</failure>
    </testcase>
    <testcase classname="useVerification" name="should stop verification and cleanup resources" time="0">
      <failure>ReferenceError: document is not defined
    at render (/Users/machine/Project/GitHub/Namaskah. app/frontend/node_modules/@testing-library/react/dist/pure.js:239:5)
    at renderHook (/Users/machine/Project/GitHub/Namaskah. app/frontend/node_modules/@testing-library/react/dist/pure.js:318:7)
    at Object.&lt;anonymous&gt; (/Users/machine/Project/GitHub/Namaskah. app/frontend/src/hooks/useVerification.test.js:168:34)
    at Promise.then.completed (/Users/machine/Project/GitHub/Namaskah. app/frontend/node_modules/jest-circus/build/utils.js:298:28)
    at new Promise (&lt;anonymous&gt;)
    at callAsyncCircusFn (/Users/machine/Project/GitHub/Namaskah. app/frontend/node_modules/jest-circus/build/utils.js:231:10)
    at _callCircusTest (/Users/machine/Project/GitHub/Namaskah. app/frontend/node_modules/jest-circus/build/run.js:316:40)
    at processTicksAndRejections (node:internal/process/task_queues:105:5)
    at _runTest (/Users/machine/Project/GitHub/Namaskah. app/frontend/node_modules/jest-circus/build/run.js:252:3)
    at _runTestsForDescribeBlock (/Users/machine/Project/GitHub/Namaskah. app/frontend/node_modules/jest-circus/build/run.js:126:9)
    at _runTestsForDescribeBlock (/Users/machine/Project/GitHub/Namaskah. app/frontend/node_modules/jest-circus/build/run.js:121:9)
    at run (/Users/machine/Project/GitHub/Namaskah. app/frontend/node_modules/jest-circus/build/run.js:71:3)
    at runAndTransformResultsToJestFormat (/Users/machine/Project/GitHub/Namaskah. app/frontend/node_modules/jest-circus/build/legacy-code-todo-rewrite/jestAdapterInit.js:122:21)
    at jestAdapter (/Users/machine/Project/GitHub/Namaskah. app/frontend/node_modules/jest-circus/build/legacy-code-todo-rewrite/jestAdapter.js:79:19)
    at runTestInternal (/Users/machine/Project/GitHub/Namaskah. app/frontend/node_modules/jest-runner/build/runTest.js:367:16)
    at runTest (/Users/machine/Project/GitHub/Namaskah. app/frontend/node_modules/jest-runner/build/runTest.js:444:34)
    at Object.worker (/Users/machine/Project/GitHub/Namaskah. app/frontend/node_modules/jest-runner/build/testWorker.js:106:12)</failure>
    </testcase>
    <testcase classname="useVerification" name="should handle verification errors" time="0.001">
      <failure>ReferenceError: document is not defined
    at render (/Users/machine/Project/GitHub/Namaskah. app/frontend/node_modules/@testing-library/react/dist/pure.js:239:5)
    at renderHook (/Users/machine/Project/GitHub/Namaskah. app/frontend/node_modules/@testing-library/react/dist/pure.js:318:7)
    at /Users/machine/Project/GitHub/Namaskah. app/frontend/src/hooks/useVerification.test.js:183:34
    at Generator.call (/Users/machine/Project/GitHub/Namaskah. app/frontend/src/hooks/useVerification.test.js:2:1)
    at Generator._invoke [as next] (/Users/machine/Project/GitHub/Namaskah. app/frontend/src/hooks/useVerification.test.js:2:1)
    at asyncGeneratorStep (/Users/machine/Project/GitHub/Namaskah. app/frontend/src/hooks/useVerification.test.js:2:1)
    at asyncGeneratorStep (/Users/machine/Project/GitHub/Namaskah. app/frontend/src/hooks/useVerification.test.js:2:1)
    at _next (/Users/machine/Project/GitHub/Namaskah. app/frontend/src/hooks/useVerification.test.js:2:1)
    at new Promise (&lt;anonymous&gt;)
    at Object.&lt;anonymous&gt; (/Users/machine/Project/GitHub/Namaskah. app/frontend/src/hooks/useVerification.test.js:2:1)
    at Promise.then.completed (/Users/machine/Project/GitHub/Namaskah. app/frontend/node_modules/jest-circus/build/utils.js:298:28)
    at new Promise (&lt;anonymous&gt;)
    at callAsyncCircusFn (/Users/machine/Project/GitHub/Namaskah. app/frontend/node_modules/jest-circus/build/utils.js:231:10)
    at _callCircusTest (/Users/machine/Project/GitHub/Namaskah. app/frontend/node_modules/jest-circus/build/run.js:316:40)
    at processTicksAndRejections (node:internal/process/task_queues:105:5)
    at _runTest (/Users/machine/Project/GitHub/Namaskah. app/frontend/node_modules/jest-circus/build/run.js:252:3)
    at _runTestsForDescribeBlock (/Users/machine/Project/GitHub/Namaskah. app/frontend/node_modules/jest-circus/build/run.js:126:9)
    at _runTestsForDescribeBlock (/Users/machine/Project/GitHub/Namaskah. app/frontend/node_modules/jest-circus/build/run.js:121:9)
    at run (/Users/machine/Project/GitHub/Namaskah. app/frontend/node_modules/jest-circus/build/run.js:71:3)
    at runAndTransformResultsToJestFormat (/Users/machine/Project/GitHub/Namaskah. app/frontend/node_modules/jest-circus/build/legacy-code-todo-rewrite/jestAdapterInit.js:122:21)
    at jestAdapter (/Users/machine/Project/GitHub/Namaskah. app/frontend/node_modules/jest-circus/build/legacy-code-todo-rewrite/jestAdapter.js:79:19)
    at runTestInternal (/Users/machine/Project/GitHub/Namaskah. app/frontend/node_modules/jest-runner/build/runTest.js:367:16)
    at runTest (/Users/machine/Project/GitHub/Namaskah. app/frontend/node_modules/jest-runner/build/runTest.js:444:34)
    at Object.worker (/Users/machine/Project/GitHub/Namaskah. app/frontend/node_modules/jest-runner/build/testWorker.js:106:12)</failure>
    </testcase>
    <testcase classname="useVerification" name="should request notification permission on start" time="0.002">
      <failure>ReferenceError: document is not defined
    at render (/Users/machine/Project/GitHub/Namaskah. app/frontend/node_modules/@testing-library/react/dist/pure.js:239:5)
    at renderHook (/Users/machine/Project/GitHub/Namaskah. app/frontend/node_modules/@testing-library/react/dist/pure.js:318:7)
    at /Users/machine/Project/GitHub/Namaskah. app/frontend/src/hooks/useVerification.test.js:199:34
    at Generator.call (/Users/machine/Project/GitHub/Namaskah. app/frontend/src/hooks/useVerification.test.js:2:1)
    at Generator._invoke [as next] (/Users/machine/Project/GitHub/Namaskah. app/frontend/src/hooks/useVerification.test.js:2:1)
    at asyncGeneratorStep (/Users/machine/Project/GitHub/Namaskah. app/frontend/src/hooks/useVerification.test.js:2:1)
    at asyncGeneratorStep (/Users/machine/Project/GitHub/Namaskah. app/frontend/src/hooks/useVerification.test.js:2:1)
    at _next (/Users/machine/Project/GitHub/Namaskah. app/frontend/src/hooks/useVerification.test.js:2:1)
    at new Promise (&lt;anonymous&gt;)
    at Object.&lt;anonymous&gt; (/Users/machine/Project/GitHub/Namaskah. app/frontend/src/hooks/useVerification.test.js:2:1)
    at Promise.then.completed (/Users/machine/Project/GitHub/Namaskah. app/frontend/node_modules/jest-circus/build/utils.js:298:28)
    at new Promise (&lt;anonymous&gt;)
    at callAsyncCircusFn (/Users/machine/Project/GitHub/Namaskah. app/frontend/node_modules/jest-circus/build/utils.js:231:10)
    at _callCircusTest (/Users/machine/Project/GitHub/Namaskah. app/frontend/node_modules/jest-circus/build/run.js:316:40)
    at processTicksAndRejections (node:internal/process/task_queues:105:5)
    at _runTest (/Users/machine/Project/GitHub/Namaskah. app/frontend/node_modules/jest-circus/build/run.js:252:3)
    at _runTestsForDescribeBlock (/Users/machine/Project/GitHub/Namaskah. app/frontend/node_modules/jest-circus/build/run.js:126:9)
    at _runTestsForDescribeBlock (/Users/machine/Project/GitHub/Namaskah. app/frontend/node_modules/jest-circus/build/run.js:121:9)
    at run (/Users/machine/Project/GitHub/Namaskah. app/frontend/node_modules/jest-circus/build/run.js:71:3)
    at runAndTransformResultsToJestFormat (/Users/machine/Project/GitHub/Namaskah. app/frontend/node_modules/jest-circus/build/legacy-code-todo-rewrite/jestAdapterInit.js:122:21)
    at jestAdapter (/Users/machine/Project/GitHub/Namaskah. app/frontend/node_modules/jest-circus/build/legacy-code-todo-rewrite/jestAdapter.js:79:19)
    at runTestInternal (/Users/machine/Project/GitHub/Namaskah. app/frontend/node_modules/jest-runner/build/runTest.js:367:16)
    at runTest (/Users/machine/Project/GitHub/Namaskah. app/frontend/node_modules/jest-runner/build/runTest.js:444:34)
    at Object.worker (/Users/machine/Project/GitHub/Namaskah. app/frontend/node_modules/jest-runner/build/testWorker.js:106:12)</failure>
    </testcase>
  </testsuite>
  <testsuite name="undefined" errors="0" failures="2" skipped="0" timestamp="2025-10-08T22:37:24" time="0.658" tests="2">
    <testcase classname="" name="renders without crashing" time="0">
      <failure>ReferenceError: React is not defined
    at Object.React (/Users/machine/Project/GitHub/Namaskah. app/frontend/src/App.test.js:14:10)
    at Promise.then.completed (/Users/machine/Project/GitHub/Namaskah. app/frontend/node_modules/jest-circus/build/utils.js:298:28)
    at new Promise (&lt;anonymous&gt;)
    at callAsyncCircusFn (/Users/machine/Project/GitHub/Namaskah. app/frontend/node_modules/jest-circus/build/utils.js:231:10)
    at _callCircusTest (/Users/machine/Project/GitHub/Namaskah. app/frontend/node_modules/jest-circus/build/run.js:316:40)
    at processTicksAndRejections (node:internal/process/task_queues:105:5)
    at _runTest (/Users/machine/Project/GitHub/Namaskah. app/frontend/node_modules/jest-circus/build/run.js:252:3)
    at _runTestsForDescribeBlock (/Users/machine/Project/GitHub/Namaskah. app/frontend/node_modules/jest-circus/build/run.js:126:9)
    at run (/Users/machine/Project/GitHub/Namaskah. app/frontend/node_modules/jest-circus/build/run.js:71:3)
    at runAndTransformResultsToJestFormat (/Users/machine/Project/GitHub/Namaskah. app/frontend/node_modules/jest-circus/build/legacy-code-todo-rewrite/jestAdapterInit.js:122:21)
    at jestAdapter (/Users/machine/Project/GitHub/Namaskah. app/frontend/node_modules/jest-circus/build/legacy-code-todo-rewrite/jestAdapter.js:79:19)
    at runTestInternal (/Users/machine/Project/GitHub/Namaskah. app/frontend/node_modules/jest-runner/build/runTest.js:367:16)
    at runTest (/Users/machine/Project/GitHub/Namaskah. app/frontend/node_modules/jest-runner/build/runTest.js:444:34)
    at Object.worker (/Users/machine/Project/GitHub/Namaskah. app/frontend/node_modules/jest-runner/build/testWorker.js:106:12)</failure>
    </testcase>
    <testcase classname="" name="app contains expected elements" time="0.001">
      <failure>ReferenceError: React is not defined
    at Object.React (/Users/machine/Project/GitHub/Namaskah. app/frontend/src/App.test.js:20:10)
    at Promise.then.completed (/Users/machine/Project/GitHub/Namaskah. app/frontend/node_modules/jest-circus/build/utils.js:298:28)
    at new Promise (&lt;anonymous&gt;)
    at callAsyncCircusFn (/Users/machine/Project/GitHub/Namaskah. app/frontend/node_modules/jest-circus/build/utils.js:231:10)
    at _callCircusTest (/Users/machine/Project/GitHub/Namaskah. app/frontend/node_modules/jest-circus/build/run.js:316:40)
    at processTicksAndRejections (node:internal/process/task_queues:105:5)
    at _runTest (/Users/machine/Project/GitHub/Namaskah. app/frontend/node_modules/jest-circus/build/run.js:252:3)
    at _runTestsForDescribeBlock (/Users/machine/Project/GitHub/Namaskah. app/frontend/node_modules/jest-circus/build/run.js:126:9)
    at run (/Users/machine/Project/GitHub/Namaskah. app/frontend/node_modules/jest-circus/build/run.js:71:3)
    at runAndTransformResultsToJestFormat (/Users/machine/Project/GitHub/Namaskah. app/frontend/node_modules/jest-circus/build/legacy-code-todo-rewrite/jestAdapterInit.js:122:21)
    at jestAdapter (/Users/machine/Project/GitHub/Namaskah. app/frontend/node_modules/jest-circus/build/legacy-code-todo-rewrite/jestAdapter.js:79:19)
    at runTestInternal (/Users/machine/Project/GitHub/Namaskah. app/frontend/node_modules/jest-runner/build/runTest.js:367:16)
    at runTest (/Users/machine/Project/GitHub/Namaskah. app/frontend/node_modules/jest-runner/build/runTest.js:444:34)
    at Object.worker (/Users/machine/Project/GitHub/Namaskah. app/frontend/node_modules/jest-runner/build/testWorker.js:106:12)</failure>
    </testcase>
  </testsuite>
</testsuites>